\BOOKMARK [0][-]{chapter.1}{\376\377\0001\000\040\000C\000O\000M\000P\000-\0002\0000\0000\0005\000\040\000A\000c\000t\000i\000v\000i\000t\000y\000\040\000L\000o\000g\000g\000e\000r\000\040\000D\000o\000c\000u\000m\000e\000n\000t\000a\000t\000i\000o\000n}{}% 1
\BOOKMARK [0][-]{chapter.2}{\376\377\0002\000\040\000N\000a\000m\000e\000s\000p\000a\000c\000e\000\040\000I\000n\000d\000e\000x}{}% 2
\BOOKMARK [1][-]{section.2.1}{\376\377\0002\000.\0001\000\040\000P\000a\000c\000k\000a\000g\000e\000s}{chapter.2}% 3
\BOOKMARK [0][-]{chapter.3}{\376\377\0003\000\040\000H\000i\000e\000r\000a\000r\000c\000h\000i\000c\000a\000l\000\040\000I\000n\000d\000e\000x}{}% 4
\BOOKMARK [1][-]{section.3.1}{\376\377\0003\000.\0001\000\040\000C\000l\000a\000s\000s\000\040\000H\000i\000e\000r\000a\000r\000c\000h\000y}{chapter.3}% 5
\BOOKMARK [0][-]{chapter.4}{\376\377\0004\000\040\000C\000l\000a\000s\000s\000\040\000I\000n\000d\000e\000x}{}% 6
\BOOKMARK [1][-]{section.4.1}{\376\377\0004\000.\0001\000\040\000C\000l\000a\000s\000s\000\040\000L\000i\000s\000t}{chapter.4}% 7
\BOOKMARK [0][-]{chapter.5}{\376\377\0005\000\040\000F\000i\000l\000e\000\040\000I\000n\000d\000e\000x}{}% 8
\BOOKMARK [1][-]{section.5.1}{\376\377\0005\000.\0001\000\040\000F\000i\000l\000e\000\040\000L\000i\000s\000t}{chapter.5}% 9
\BOOKMARK [0][-]{chapter.6}{\376\377\0006\000\040\000N\000a\000m\000e\000s\000p\000a\000c\000e\000\040\000D\000o\000c\000u\000m\000e\000n\000t\000a\000t\000i\000o\000n}{}% 10
\BOOKMARK [1][-]{section.6.1}{\376\377\0006\000.\0001\000\040\000P\000a\000c\000k\000a\000g\000e\000\040\000c\000o\000m}{chapter.6}% 11
\BOOKMARK [1][-]{section.6.2}{\376\377\0006\000.\0002\000\040\000P\000a\000c\000k\000a\000g\000e\000\040\000c\000o\000m\000.\000a\000c\000t\000i\000v\000i\000t\000y\000t\000r\000a\000c\000k\000e\000r}{chapter.6}% 12
\BOOKMARK [0][-]{chapter.7}{\376\377\0007\000\040\000C\000l\000a\000s\000s\000\040\000D\000o\000c\000u\000m\000e\000n\000t\000a\000t\000i\000o\000n}{}% 13
\BOOKMARK [1][-]{section.7.1}{\376\377\0007\000.\0001\000\040\000c\000o\000m\000.\000a\000c\000t\000i\000v\000i\000t\000y\000t\000r\000a\000c\000k\000e\000r\000.\000A\000c\000t\000i\000v\000i\000t\000y\000T\000r\000a\000c\000k\000e\000r\000\040\000C\000l\000a\000s\000s\000\040\000R\000e\000f\000e\000r\000e\000n\000c\000e}{chapter.7}% 14
\BOOKMARK [2][-]{subsection.7.1.1}{\376\377\0007\000.\0001\000.\0001\000\040\000D\000e\000t\000a\000i\000l\000e\000d\000\040\000D\000e\000s\000c\000r\000i\000p\000t\000i\000o\000n}{section.7.1}% 15
\BOOKMARK [2][-]{subsection.7.1.2}{\376\377\0007\000.\0001\000.\0002\000\040\000M\000e\000m\000b\000e\000r\000\040\000F\000u\000n\000c\000t\000i\000o\000n\000\040\000D\000o\000c\000u\000m\000e\000n\000t\000a\000t\000i\000o\000n}{section.7.1}% 16
\BOOKMARK [3][-]{subsubsection.7.1.2.1}{\376\377\0007\000.\0001\000.\0002\000.\0001\000\040\000m\000a\000i\000n\000\050\000\051}{subsection.7.1.2}% 17
\BOOKMARK [1][-]{section.7.2}{\376\377\0007\000.\0002\000\040\000c\000o\000m\000.\000a\000c\000t\000i\000v\000i\000t\000y\000t\000r\000a\000c\000k\000e\000r\000.\000C\000r\000e\000a\000t\000e\000U\000s\000e\000r\000W\000i\000n\000d\000o\000w\000\040\000C\000l\000a\000s\000s\000\040\000R\000e\000f\000e\000r\000e\000n\000c\000e}{chapter.7}% 18
\BOOKMARK [2][-]{subsection.7.2.1}{\376\377\0007\000.\0002\000.\0001\000\040\000D\000e\000t\000a\000i\000l\000e\000d\000\040\000D\000e\000s\000c\000r\000i\000p\000t\000i\000o\000n}{section.7.2}% 19
\BOOKMARK [2][-]{subsection.7.2.2}{\376\377\0007\000.\0002\000.\0002\000\040\000C\000o\000n\000s\000t\000r\000u\000c\000t\000o\000r\000\040\000\046\000\040\000D\000e\000s\000t\000r\000u\000c\000t\000o\000r\000\040\000D\000o\000c\000u\000m\000e\000n\000t\000a\000t\000i\000o\000n}{section.7.2}% 20
\BOOKMARK [3][-]{subsubsection.7.2.2.1}{\376\377\0007\000.\0002\000.\0002\000.\0001\000\040\000C\000r\000e\000a\000t\000e\000U\000s\000e\000r\000W\000i\000n\000d\000o\000w\000\050\000\051}{subsection.7.2.2}% 21
\BOOKMARK [2][-]{subsection.7.2.3}{\376\377\0007\000.\0002\000.\0003\000\040\000M\000e\000m\000b\000e\000r\000\040\000F\000u\000n\000c\000t\000i\000o\000n\000\040\000D\000o\000c\000u\000m\000e\000n\000t\000a\000t\000i\000o\000n}{section.7.2}% 22
\BOOKMARK [3][-]{subsubsection.7.2.3.1}{\376\377\0007\000.\0002\000.\0003\000.\0001\000\040\000r\000o\000o\000t\000P\000a\000n\000e\000l\000\050\000\051}{subsection.7.2.3}% 23
\BOOKMARK [3][-]{subsubsection.7.2.3.2}{\376\377\0007\000.\0002\000.\0003\000.\0002\000\040\000s\000e\000t\000u\000p\000A\000c\000t\000i\000o\000n\000L\000i\000s\000t\000e\000n\000e\000r\000s\000\050\000\051}{subsection.7.2.3}% 24
\BOOKMARK [3][-]{subsubsection.7.2.3.3}{\376\377\0007\000.\0002\000.\0003\000.\0003\000\040\000s\000e\000t\000u\000p\000U\000I\000\050\000\051}{subsection.7.2.3}% 25
\BOOKMARK [2][-]{subsection.7.2.4}{\376\377\0007\000.\0002\000.\0004\000\040\000M\000e\000m\000b\000e\000r\000\040\000D\000a\000t\000a\000\040\000D\000o\000c\000u\000m\000e\000n\000t\000a\000t\000i\000o\000n}{section.7.2}% 26
\BOOKMARK [3][-]{subsubsection.7.2.4.1}{\376\377\0007\000.\0002\000.\0004\000.\0001\000\040\000b\000u\000t\000t\000o\000n\000C\000a\000n\000c\000e\000l}{subsection.7.2.4}% 27
\BOOKMARK [3][-]{subsubsection.7.2.4.2}{\376\377\0007\000.\0002\000.\0004\000.\0002\000\040\000b\000u\000t\000t\000o\000n\000O\000k}{subsection.7.2.4}% 28
\BOOKMARK [3][-]{subsubsection.7.2.4.3}{\376\377\0007\000.\0002\000.\0004\000.\0003\000\040\000c\000o\000m\000b\000o\000B\000o\000x\000B\000i\000r\000t\000h\000D\000a\000y}{subsection.7.2.4}% 29
\BOOKMARK [3][-]{subsubsection.7.2.4.4}{\376\377\0007\000.\0002\000.\0004\000.\0004\000\040\000c\000o\000m\000b\000o\000B\000o\000x\000B\000i\000r\000t\000h\000M\000o\000n\000t\000h}{subsection.7.2.4}% 30
\BOOKMARK [3][-]{subsubsection.7.2.4.5}{\376\377\0007\000.\0002\000.\0004\000.\0005\000\040\000c\000o\000m\000b\000o\000B\000o\000x\000S\000e\000x}{subsection.7.2.4}% 31
\BOOKMARK [3][-]{subsubsection.7.2.4.6}{\376\377\0007\000.\0002\000.\0004\000.\0006\000\040\000l\000a\000b\000e\000l\000I\000n\000f\000o}{subsection.7.2.4}% 32
\BOOKMARK [3][-]{subsubsection.7.2.4.7}{\376\377\0007\000.\0002\000.\0004\000.\0007\000\040\000m\000\137\000c\000l\000o\000s\000e\000W\000i\000n\000d\000o\000w\000H\000a\000n\000d\000l\000e\000r}{subsection.7.2.4}% 33
\BOOKMARK [3][-]{subsubsection.7.2.4.8}{\376\377\0007\000.\0002\000.\0004\000.\0008\000\040\000m\000\137\000d\000b\000m\000a\000n\000a\000g\000e\000r}{subsection.7.2.4}% 34
\BOOKMARK [3][-]{subsubsection.7.2.4.9}{\376\377\0007\000.\0002\000.\0004\000.\0009\000\040\000m\000\137\000r\000o\000o\000t\000P\000a\000n\000e\000l}{subsection.7.2.4}% 35
\BOOKMARK [3][-]{subsubsection.7.2.4.10}{\376\377\0007\000.\0002\000.\0004\000.\0001\0000\000\040\000p\000a\000s\000s\000w\000o\000r\000d\000F\000i\000e\000l\000d}{subsection.7.2.4}% 36
\BOOKMARK [3][-]{subsubsection.7.2.4.11}{\376\377\0007\000.\0002\000.\0004\000.\0001\0001\000\040\000t\000e\000x\000t\000F\000i\000e\000l\000d\000B\000i\000r\000t\000h\000Y\000e\000a\000r}{subsection.7.2.4}% 37
\BOOKMARK [3][-]{subsubsection.7.2.4.12}{\376\377\0007\000.\0002\000.\0004\000.\0001\0002\000\040\000t\000e\000x\000t\000F\000i\000e\000l\000d\000E\000m\000a\000i\000l}{subsection.7.2.4}% 38
\BOOKMARK [3][-]{subsubsection.7.2.4.13}{\376\377\0007\000.\0002\000.\0004\000.\0001\0003\000\040\000t\000e\000x\000t\000F\000i\000e\000l\000d\000H\000e\000i\000g\000h\000t}{subsection.7.2.4}% 39
\BOOKMARK [3][-]{subsubsection.7.2.4.14}{\376\377\0007\000.\0002\000.\0004\000.\0001\0004\000\040\000t\000e\000x\000t\000F\000i\000e\000l\000d\000N\000a\000m\000e}{subsection.7.2.4}% 40
\BOOKMARK [3][-]{subsubsection.7.2.4.15}{\376\377\0007\000.\0002\000.\0004\000.\0001\0005\000\040\000t\000e\000x\000t\000F\000i\000e\000l\000d\000W\000e\000i\000g\000h\000t}{subsection.7.2.4}% 41
\BOOKMARK [1][-]{section.7.3}{\376\377\0007\000.\0003\000\040\000c\000o\000m\000.\000a\000c\000t\000i\000v\000i\000t\000y\000t\000r\000a\000c\000k\000e\000r\000.\000D\000B\000M\000a\000n\000a\000g\000e\000r\000\040\000C\000l\000a\000s\000s\000\040\000R\000e\000f\000e\000r\000e\000n\000c\000e}{chapter.7}% 42
\BOOKMARK [2][-]{subsection.7.3.1}{\376\377\0007\000.\0003\000.\0001\000\040\000D\000e\000t\000a\000i\000l\000e\000d\000\040\000D\000e\000s\000c\000r\000i\000p\000t\000i\000o\000n}{section.7.3}% 43
\BOOKMARK [2][-]{subsection.7.3.2}{\376\377\0007\000.\0003\000.\0002\000\040\000C\000o\000n\000s\000t\000r\000u\000c\000t\000o\000r\000\040\000\046\000\040\000D\000e\000s\000t\000r\000u\000c\000t\000o\000r\000\040\000D\000o\000c\000u\000m\000e\000n\000t\000a\000t\000i\000o\000n}{section.7.3}% 44
\BOOKMARK [3][-]{subsubsection.7.3.2.1}{\376\377\0007\000.\0003\000.\0002\000.\0001\000\040\000D\000B\000M\000a\000n\000a\000g\000e\000r\000\050\000\051}{subsection.7.3.2}% 45
\BOOKMARK [2][-]{subsection.7.3.3}{\376\377\0007\000.\0003\000.\0003\000\040\000M\000e\000m\000b\000e\000r\000\040\000F\000u\000n\000c\000t\000i\000o\000n\000\040\000D\000o\000c\000u\000m\000e\000n\000t\000a\000t\000i\000o\000n}{section.7.3}% 46
\BOOKMARK [3][-]{subsubsection.7.3.3.1}{\376\377\0007\000.\0003\000.\0003\000.\0001\000\040\000c\000r\000e\000a\000t\000e\000U\000s\000e\000r\000\050\000\051}{subsection.7.3.3}% 47
\BOOKMARK [3][-]{subsubsection.7.3.3.2}{\376\377\0007\000.\0003\000.\0003\000.\0002\000\040\000e\000x\000e\000c\000u\000t\000e\000Q\000u\000e\000r\000y\000\050\000\051}{subsection.7.3.3}% 48
\BOOKMARK [3][-]{subsubsection.7.3.3.3}{\376\377\0007\000.\0003\000.\0003\000.\0003\000\040\000e\000x\000e\000c\000u\000t\000e\000U\000p\000d\000a\000t\000e\000\050\000\051}{subsection.7.3.3}% 49
\BOOKMARK [3][-]{subsubsection.7.3.3.4}{\376\377\0007\000.\0003\000.\0003\000.\0004\000\040\000g\000e\000t\000D\000a\000t\000e\000O\000f\000B\000i\000r\000t\000h\000\050\000\051}{subsection.7.3.3}% 50
\BOOKMARK [3][-]{subsubsection.7.3.3.5}{\376\377\0007\000.\0003\000.\0003\000.\0005\000\040\000g\000e\000t\000R\000u\000n\000D\000a\000t\000e\000\050\000\051}{subsection.7.3.3}% 51
\BOOKMARK [3][-]{subsubsection.7.3.3.6}{\376\377\0007\000.\0003\000.\0003\000.\0006\000\040\000g\000e\000t\000R\000u\000n\000F\000l\000o\000a\000t\000A\000t\000t\000r\000i\000b\000u\000t\000e\000\050\000\051}{subsection.7.3.3}% 52
\BOOKMARK [3][-]{subsubsection.7.3.3.7}{\376\377\0007\000.\0003\000.\0003\000.\0007\000\040\000g\000e\000t\000R\000u\000n\000s\000\050\000\051}{subsection.7.3.3}% 53
\BOOKMARK [3][-]{subsubsection.7.3.3.8}{\376\377\0007\000.\0003\000.\0003\000.\0008\000\040\000g\000e\000t\000U\000s\000e\000r\000F\000l\000o\000a\000t\000A\000t\000t\000r\000i\000b\000u\000t\000e\000\050\000\051}{subsection.7.3.3}% 54
\BOOKMARK [3][-]{subsubsection.7.3.3.9}{\376\377\0007\000.\0003\000.\0003\000.\0009\000\040\000g\000e\000t\000U\000s\000e\000r\000I\000D\000B\000y\000E\000m\000a\000i\000l\000\050\000\051}{subsection.7.3.3}% 55
\BOOKMARK [3][-]{subsubsection.7.3.3.10}{\376\377\0007\000.\0003\000.\0003\000.\0001\0000\000\040\000g\000e\000t\000U\000s\000e\000r\000L\000a\000s\000t\000R\000I\000D\000\050\000\051}{subsection.7.3.3}% 56
\BOOKMARK [3][-]{subsubsection.7.3.3.11}{\376\377\0007\000.\0003\000.\0003\000.\0001\0001\000\040\000g\000e\000t\000U\000s\000e\000r\000P\000a\000s\000s\000S\000a\000l\000t\000\050\000\051}{subsection.7.3.3}% 57
\BOOKMARK [3][-]{subsubsection.7.3.3.12}{\376\377\0007\000.\0003\000.\0003\000.\0001\0002\000\040\000g\000e\000t\000U\000s\000e\000r\000S\000e\000x\000\050\000\051}{subsection.7.3.3}% 58
\BOOKMARK [3][-]{subsubsection.7.3.3.13}{\376\377\0007\000.\0003\000.\0003\000.\0001\0003\000\040\000g\000e\000t\000U\000s\000e\000r\000S\000t\000r\000i\000n\000g\000A\000t\000t\000r\000i\000b\000u\000t\000e\000\050\000\051}{subsection.7.3.3}% 59
\BOOKMARK [3][-]{subsubsection.7.3.3.14}{\376\377\0007\000.\0003\000.\0003\000.\0001\0004\000\040\000i\000n\000i\000t\000\050\000\051}{subsection.7.3.3}% 60
\BOOKMARK [3][-]{subsubsection.7.3.3.15}{\376\377\0007\000.\0003\000.\0003\000.\0001\0005\000\040\000i\000s\000E\000m\000p\000t\000y\000\050\000\051}{subsection.7.3.3}% 61
\BOOKMARK [3][-]{subsubsection.7.3.3.16}{\376\377\0007\000.\0003\000.\0003\000.\0001\0006\000\040\000n\000e\000w\000R\000u\000n\000\050\000\051}{subsection.7.3.3}% 62
\BOOKMARK [3][-]{subsubsection.7.3.3.17}{\376\377\0007\000.\0003\000.\0003\000.\0001\0007\000\040\000r\000u\000n\000E\000x\000i\000s\000t\000s\000\050\000\051}{subsection.7.3.3}% 63
\BOOKMARK [3][-]{subsubsection.7.3.3.18}{\376\377\0007\000.\0003\000.\0003\000.\0001\0008\000\040\000s\000e\000t\000R\000u\000n\000\050\000\051}{subsection.7.3.3}% 64
\BOOKMARK [3][-]{subsubsection.7.3.3.19}{\376\377\0007\000.\0003\000.\0003\000.\0001\0009\000\040\000s\000e\000t\000U\000s\000e\000r\000L\000a\000s\000t\000R\000I\000D\000\050\000\051}{subsection.7.3.3}% 65
\BOOKMARK [3][-]{subsubsection.7.3.3.20}{\376\377\0007\000.\0003\000.\0003\000.\0002\0000\000\040\000u\000s\000e\000r\000E\000x\000i\000s\000t\000s\000\050\000\051}{subsection.7.3.3}% 66
\BOOKMARK [2][-]{subsection.7.3.4}{\376\377\0007\000.\0003\000.\0004\000\040\000M\000e\000m\000b\000e\000r\000\040\000D\000a\000t\000a\000\040\000D\000o\000c\000u\000m\000e\000n\000t\000a\000t\000i\000o\000n}{section.7.3}% 67
\BOOKMARK [3][-]{subsubsection.7.3.4.1}{\376\377\0007\000.\0003\000.\0004\000.\0001\000\040\000m\000\137\000c\000o\000n\000n}{subsection.7.3.4}% 68
\BOOKMARK [1][-]{section.7.4}{\376\377\0007\000.\0004\000\040\000c\000o\000m\000.\000a\000c\000t\000i\000v\000i\000t\000y\000t\000r\000a\000c\000k\000e\000r\000.\000I\000t\000e\000r\000a\000t\000i\000o\000n\0003\000T\000e\000s\000t\000\040\000C\000l\000a\000s\000s\000\040\000R\000e\000f\000e\000r\000e\000n\000c\000e}{chapter.7}% 69
\BOOKMARK [2][-]{subsection.7.4.1}{\376\377\0007\000.\0004\000.\0001\000\040\000D\000e\000t\000a\000i\000l\000e\000d\000\040\000D\000e\000s\000c\000r\000i\000p\000t\000i\000o\000n}{section.7.4}% 70
\BOOKMARK [2][-]{subsection.7.4.2}{\376\377\0007\000.\0004\000.\0002\000\040\000M\000e\000m\000b\000e\000r\000\040\000F\000u\000n\000c\000t\000i\000o\000n\000\040\000D\000o\000c\000u\000m\000e\000n\000t\000a\000t\000i\000o\000n}{section.7.4}% 71
\BOOKMARK [3][-]{subsubsection.7.4.2.1}{\376\377\0007\000.\0004\000.\0002\000.\0001\000\040\000m\000a\000i\000n\000\050\000\051}{subsection.7.4.2}% 72
\BOOKMARK [1][-]{section.7.5}{\376\377\0007\000.\0005\000\040\000c\000o\000m\000.\000a\000c\000t\000i\000v\000i\000t\000y\000t\000r\000a\000c\000k\000e\000r\000.\000L\000o\000g\000i\000n\000W\000i\000n\000d\000o\000w\000\040\000C\000l\000a\000s\000s\000\040\000R\000e\000f\000e\000r\000e\000n\000c\000e}{chapter.7}% 73
\BOOKMARK [2][-]{subsection.7.5.1}{\376\377\0007\000.\0005\000.\0001\000\040\000D\000e\000t\000a\000i\000l\000e\000d\000\040\000D\000e\000s\000c\000r\000i\000p\000t\000i\000o\000n}{section.7.5}% 74
\BOOKMARK [2][-]{subsection.7.5.2}{\376\377\0007\000.\0005\000.\0002\000\040\000C\000o\000n\000s\000t\000r\000u\000c\000t\000o\000r\000\040\000\046\000\040\000D\000e\000s\000t\000r\000u\000c\000t\000o\000r\000\040\000D\000o\000c\000u\000m\000e\000n\000t\000a\000t\000i\000o\000n}{section.7.5}% 75
\BOOKMARK [3][-]{subsubsection.7.5.2.1}{\376\377\0007\000.\0005\000.\0002\000.\0001\000\040\000L\000o\000g\000i\000n\000W\000i\000n\000d\000o\000w\000\050\000\051}{subsection.7.5.2}% 76
\BOOKMARK [2][-]{subsection.7.5.3}{\376\377\0007\000.\0005\000.\0003\000\040\000M\000e\000m\000b\000e\000r\000\040\000F\000u\000n\000c\000t\000i\000o\000n\000\040\000D\000o\000c\000u\000m\000e\000n\000t\000a\000t\000i\000o\000n}{section.7.5}% 77
\BOOKMARK [3][-]{subsubsection.7.5.3.1}{\376\377\0007\000.\0005\000.\0003\000.\0001\000\040\000r\000o\000o\000t\000P\000a\000n\000e\000l\000\050\000\051}{subsection.7.5.3}% 78
\BOOKMARK [3][-]{subsubsection.7.5.3.2}{\376\377\0007\000.\0005\000.\0003\000.\0002\000\040\000s\000e\000t\000u\000p\000A\000c\000t\000i\000o\000n\000L\000i\000s\000t\000e\000n\000e\000r\000s\000\050\000\051}{subsection.7.5.3}% 79
\BOOKMARK [3][-]{subsubsection.7.5.3.3}{\376\377\0007\000.\0005\000.\0003\000.\0003\000\040\000s\000e\000t\000u\000p\000C\000r\000e\000a\000t\000e\000U\000s\000e\000r\000D\000i\000a\000l\000o\000g\000\050\000\051}{subsection.7.5.3}% 80
\BOOKMARK [3][-]{subsubsection.7.5.3.4}{\376\377\0007\000.\0005\000.\0003\000.\0004\000\040\000s\000e\000t\000u\000p\000U\000I\000\050\000\051}{subsection.7.5.3}% 81
\BOOKMARK [2][-]{subsection.7.5.4}{\376\377\0007\000.\0005\000.\0004\000\040\000M\000e\000m\000b\000e\000r\000\040\000D\000a\000t\000a\000\040\000D\000o\000c\000u\000m\000e\000n\000t\000a\000t\000i\000o\000n}{section.7.5}% 82
\BOOKMARK [3][-]{subsubsection.7.5.4.1}{\376\377\0007\000.\0005\000.\0004\000.\0001\000\040\000b\000u\000t\000t\000o\000n\000C\000r\000e\000a\000t\000e\000U\000s\000e\000r}{subsection.7.5.4}% 83
\BOOKMARK [3][-]{subsubsection.7.5.4.2}{\376\377\0007\000.\0005\000.\0004\000.\0002\000\040\000b\000u\000t\000t\000o\000n\000L\000o\000g\000i\000n}{subsection.7.5.4}% 84
\BOOKMARK [3][-]{subsubsection.7.5.4.3}{\376\377\0007\000.\0005\000.\0004\000.\0003\000\040\000l\000a\000b\000e\000l\000L\000o\000g\000i\000n\000M\000s\000g}{subsection.7.5.4}% 85
\BOOKMARK [3][-]{subsubsection.7.5.4.4}{\376\377\0007\000.\0005\000.\0004\000.\0004\000\040\000l\000a\000b\000e\000l\000P\000a\000s\000s\000w\000o\000r\000d}{subsection.7.5.4}% 86
\BOOKMARK [3][-]{subsubsection.7.5.4.5}{\376\377\0007\000.\0005\000.\0004\000.\0005\000\040\000l\000a\000b\000e\000l\000T\000i\000t\000l\000e}{subsection.7.5.4}% 87
\BOOKMARK [3][-]{subsubsection.7.5.4.6}{\376\377\0007\000.\0005\000.\0004\000.\0006\000\040\000l\000a\000b\000e\000l\000U\000s\000e\000r\000n\000a\000m\000e}{subsection.7.5.4}% 88
\BOOKMARK [3][-]{subsubsection.7.5.4.7}{\376\377\0007\000.\0005\000.\0004\000.\0007\000\040\000m\000\137\000c\000r\000e\000a\000t\000e\000U\000s\000e\000r\000D\000i\000a\000l\000o\000g}{subsection.7.5.4}% 89
\BOOKMARK [3][-]{subsubsection.7.5.4.8}{\376\377\0007\000.\0005\000.\0004\000.\0008\000\040\000m\000\137\000d\000b\000m\000a\000n\000a\000g\000e\000r}{subsection.7.5.4}% 90
\BOOKMARK [3][-]{subsubsection.7.5.4.9}{\376\377\0007\000.\0005\000.\0004\000.\0009\000\040\000m\000\137\000l\000o\000g\000i\000n\000H\000a\000n\000d\000l\000e\000r}{subsection.7.5.4}% 91
\BOOKMARK [3][-]{subsubsection.7.5.4.10}{\376\377\0007\000.\0005\000.\0004\000.\0001\0000\000\040\000m\000\137\000r\000o\000o\000t\000P\000a\000n\000e\000l}{subsection.7.5.4}% 92
\BOOKMARK [3][-]{subsubsection.7.5.4.11}{\376\377\0007\000.\0005\000.\0004\000.\0001\0001\000\040\000p\000a\000s\000s\000w\000o\000r\000d\000F\000i\000e\000l\000d}{subsection.7.5.4}% 93
\BOOKMARK [3][-]{subsubsection.7.5.4.12}{\376\377\0007\000.\0005\000.\0004\000.\0001\0002\000\040\000t\000e\000x\000t\000F\000i\000e\000l\000d\000U\000s\000e\000r\000n\000a\000m\000e}{subsection.7.5.4}% 94
\BOOKMARK [1][-]{section.7.6}{\376\377\0007\000.\0006\000\040\000c\000o\000m\000.\000a\000c\000t\000i\000v\000i\000t\000y\000t\000r\000a\000c\000k\000e\000r\000.\000M\000a\000i\000n\000W\000i\000n\000d\000o\000w\000\040\000C\000l\000a\000s\000s\000\040\000R\000e\000f\000e\000r\000e\000n\000c\000e}{chapter.7}% 95
\BOOKMARK [2][-]{subsection.7.6.1}{\376\377\0007\000.\0006\000.\0001\000\040\000D\000e\000t\000a\000i\000l\000e\000d\000\040\000D\000e\000s\000c\000r\000i\000p\000t\000i\000o\000n}{section.7.6}% 96
\BOOKMARK [2][-]{subsection.7.6.2}{\376\377\0007\000.\0006\000.\0002\000\040\000C\000o\000n\000s\000t\000r\000u\000c\000t\000o\000r\000\040\000\046\000\040\000D\000e\000s\000t\000r\000u\000c\000t\000o\000r\000\040\000D\000o\000c\000u\000m\000e\000n\000t\000a\000t\000i\000o\000n}{section.7.6}% 97
\BOOKMARK [3][-]{subsubsection.7.6.2.1}{\376\377\0007\000.\0006\000.\0002\000.\0001\000\040\000M\000a\000i\000n\000W\000i\000n\000d\000o\000w\000\050\000\051}{subsection.7.6.2}% 98
\BOOKMARK [2][-]{subsection.7.6.3}{\376\377\0007\000.\0006\000.\0003\000\040\000M\000e\000m\000b\000e\000r\000\040\000F\000u\000n\000c\000t\000i\000o\000n\000\040\000D\000o\000c\000u\000m\000e\000n\000t\000a\000t\000i\000o\000n}{section.7.6}% 99
\BOOKMARK [3][-]{subsubsection.7.6.3.1}{\376\377\0007\000.\0006\000.\0003\000.\0001\000\040\000p\000o\000p\000u\000l\000a\000t\000e\000T\000a\000b\000l\000e\000\050\000\051}{subsection.7.6.3}% 100
\BOOKMARK [3][-]{subsubsection.7.6.3.2}{\376\377\0007\000.\0006\000.\0003\000.\0002\000\040\000r\000o\000o\000t\000P\000a\000n\000e\000l\000\050\000\051}{subsection.7.6.3}% 101
\BOOKMARK [3][-]{subsubsection.7.6.3.3}{\376\377\0007\000.\0006\000.\0003\000.\0003\000\040\000s\000e\000t\000u\000p\000A\000c\000t\000i\000o\000n\000L\000i\000s\000t\000e\000n\000e\000r\000s\000\050\000\051}{subsection.7.6.3}% 102
\BOOKMARK [3][-]{subsubsection.7.6.3.4}{\376\377\0007\000.\0006\000.\0003\000.\0004\000\040\000s\000e\000t\000u\000p\000U\000I\000\050\000\051}{subsection.7.6.3}% 103
\BOOKMARK [2][-]{subsection.7.6.4}{\376\377\0007\000.\0006\000.\0004\000\040\000M\000e\000m\000b\000e\000r\000\040\000D\000a\000t\000a\000\040\000D\000o\000c\000u\000m\000e\000n\000t\000a\000t\000i\000o\000n}{section.7.6}% 104
\BOOKMARK [3][-]{subsubsection.7.6.4.1}{\376\377\0007\000.\0006\000.\0004\000.\0001\000\040\000b\000u\000t\000t\000o\000n\000G\000o}{subsection.7.6.4}% 105
\BOOKMARK [3][-]{subsubsection.7.6.4.2}{\376\377\0007\000.\0006\000.\0004\000.\0002\000\040\000b\000u\000t\000t\000o\000n\000I\000m\000p\000o\000r\000t\000D\000a\000t\000a}{subsection.7.6.4}% 106
\BOOKMARK [3][-]{subsubsection.7.6.4.3}{\376\377\0007\000.\0006\000.\0004\000.\0003\000\040\000c\000o\000n\000t\000e\000n\000t\000P\000a\000n\000e\000l}{subsection.7.6.4}% 107
\BOOKMARK [3][-]{subsubsection.7.6.4.4}{\376\377\0007\000.\0006\000.\0004\000.\0004\000\040\000l\000a\000b\000e\000l\000H\000e\000y\000T\000h\000e\000r\000e}{subsection.7.6.4}% 108
\BOOKMARK [3][-]{subsubsection.7.6.4.5}{\376\377\0007\000.\0006\000.\0004\000.\0005\000\040\000l\000a\000b\000e\000l\000P\000r\000o\000f\000i\000l\000e\000I\000c\000o\000n}{subsection.7.6.4}% 109
\BOOKMARK [3][-]{subsubsection.7.6.4.6}{\376\377\0007\000.\0006\000.\0004\000.\0006\000\040\000m\000\137\000d\000b\000M\000a\000n\000a\000g\000e\000r}{subsection.7.6.4}% 110
\BOOKMARK [3][-]{subsubsection.7.6.4.7}{\376\377\0007\000.\0006\000.\0004\000.\0007\000\040\000m\000\137\000r\000o\000o\000t\000P\000a\000n\000e\000l}{subsection.7.6.4}% 111
\BOOKMARK [3][-]{subsubsection.7.6.4.8}{\376\377\0007\000.\0006\000.\0004\000.\0008\000\040\000m\000\137\000t\000a\000b\000l\000e\000M\000o\000d\000e\000l}{subsection.7.6.4}% 112
\BOOKMARK [3][-]{subsubsection.7.6.4.9}{\376\377\0007\000.\0006\000.\0004\000.\0009\000\040\000m\000\137\000u\000s\000e\000r}{subsection.7.6.4}% 113
\BOOKMARK [3][-]{subsubsection.7.6.4.10}{\376\377\0007\000.\0006\000.\0004\000.\0001\0000\000\040\000p\000a\000n\000e\000l\000M\000y\000A\000c\000t\000i\000v\000i\000t\000y}{subsection.7.6.4}% 114
\BOOKMARK [3][-]{subsubsection.7.6.4.11}{\376\377\0007\000.\0006\000.\0004\000.\0001\0001\000\040\000t\000a\000b\000l\000e\000M\000y\000A\000c\000t\000i\000v\000i\000t\000y}{subsection.7.6.4}% 115
\BOOKMARK [3][-]{subsubsection.7.6.4.12}{\376\377\0007\000.\0006\000.\0004\000.\0001\0002\000\040\000t\000e\000x\000t\000A\000r\000e\000a\000S\000t\000a\000t\000s}{subsection.7.6.4}% 116
\BOOKMARK [3][-]{subsubsection.7.6.4.13}{\376\377\0007\000.\0006\000.\0004\000.\0001\0003\000\040\000t\000e\000x\000t\000F\000i\000e\000l\000d\000E\000n\000d\000D\000a\000t\000e}{subsection.7.6.4}% 117
\BOOKMARK [3][-]{subsubsection.7.6.4.14}{\376\377\0007\000.\0006\000.\0004\000.\0001\0004\000\040\000t\000e\000x\000t\000F\000i\000e\000l\000d\000S\000t\000a\000r\000t\000D\000a\000t\000e}{subsection.7.6.4}% 118
\BOOKMARK [3][-]{subsubsection.7.6.4.15}{\376\377\0007\000.\0006\000.\0004\000.\0001\0005\000\040\000t\000o\000p\000P\000a\000n\000e\000l}{subsection.7.6.4}% 119
\BOOKMARK [1][-]{section.7.7}{\376\377\0007\000.\0007\000\040\000c\000o\000m\000.\000a\000c\000t\000i\000v\000i\000t\000y\000t\000r\000a\000c\000k\000e\000r\000.\000R\000u\000n\000\040\000C\000l\000a\000s\000s\000\040\000R\000e\000f\000e\000r\000e\000n\000c\000e}{chapter.7}% 120
\BOOKMARK [2][-]{subsection.7.7.1}{\376\377\0007\000.\0007\000.\0001\000\040\000D\000e\000t\000a\000i\000l\000e\000d\000\040\000D\000e\000s\000c\000r\000i\000p\000t\000i\000o\000n}{section.7.7}% 121
\BOOKMARK [2][-]{subsection.7.7.2}{\376\377\0007\000.\0007\000.\0002\000\040\000C\000o\000n\000s\000t\000r\000u\000c\000t\000o\000r\000\040\000\046\000\040\000D\000e\000s\000t\000r\000u\000c\000t\000o\000r\000\040\000D\000o\000c\000u\000m\000e\000n\000t\000a\000t\000i\000o\000n}{section.7.7}% 122
\BOOKMARK [3][-]{subsubsection.7.7.2.1}{\376\377\0007\000.\0007\000.\0002\000.\0001\000\040\000R\000u\000n\000\050\000\051}{subsection.7.7.2}% 123
\BOOKMARK [2][-]{subsection.7.7.3}{\376\377\0007\000.\0007\000.\0003\000\040\000M\000e\000m\000b\000e\000r\000\040\000F\000u\000n\000c\000t\000i\000o\000n\000\040\000D\000o\000c\000u\000m\000e\000n\000t\000a\000t\000i\000o\000n}{section.7.7}% 124
\BOOKMARK [3][-]{subsubsection.7.7.3.1}{\376\377\0007\000.\0007\000.\0003\000.\0001\000\040\000b\000u\000l\000k\000I\000m\000p\000o\000r\000t\000\050\000\051}{subsection.7.7.3}% 125
\BOOKMARK [3][-]{subsubsection.7.7.3.2}{\376\377\0007\000.\0007\000.\0003\000.\0002\000\040\000g\000e\000t\000A\000l\000t\000i\000t\000u\000d\000e\000A\000s\000c\000e\000n\000d\000e\000d\000\050\000\051}{subsection.7.7.3}% 126
\BOOKMARK [3][-]{subsubsection.7.7.3.3}{\376\377\0007\000.\0007\000.\0003\000.\0003\000\040\000g\000e\000t\000A\000l\000t\000i\000t\000u\000d\000e\000D\000e\000s\000c\000e\000n\000d\000e\000d\000\050\000\051}{subsection.7.7.3}% 127
\BOOKMARK [3][-]{subsubsection.7.7.3.4}{\376\377\0007\000.\0007\000.\0003\000.\0004\000\040\000g\000e\000t\000D\000i\000s\000t\000a\000n\000c\000e\000\050\000\051}{subsection.7.7.3}% 128
\BOOKMARK [3][-]{subsubsection.7.7.3.5}{\376\377\0007\000.\0007\000.\0003\000.\0005\000\040\000g\000e\000t\000D\000u\000r\000a\000t\000i\000o\000n\000\050\000\051}{subsection.7.7.3}% 129
\BOOKMARK [3][-]{subsubsection.7.7.3.6}{\376\377\0007\000.\0007\000.\0003\000.\0006\000\040\000g\000e\000t\000I\000D\000\050\000\051}{subsection.7.7.3}% 130
\BOOKMARK [3][-]{subsubsection.7.7.3.7}{\376\377\0007\000.\0007\000.\0003\000.\0007\000\040\000g\000e\000t\000R\000u\000n\000D\000a\000t\000e\000\050\000\051}{subsection.7.7.3}% 131
\BOOKMARK [3][-]{subsubsection.7.7.3.8}{\376\377\0007\000.\0007\000.\0003\000.\0008\000\040\000g\000e\000t\000R\000u\000n\000s\000\050\000\051}{subsection.7.7.3}% 132
\BOOKMARK [3][-]{subsubsection.7.7.3.9}{\376\377\0007\000.\0007\000.\0003\000.\0009\000\040\000g\000e\000t\000S\000p\000e\000e\000d\000\050\000\051}{subsection.7.7.3}% 133
\BOOKMARK [3][-]{subsubsection.7.7.3.10}{\376\377\0007\000.\0007\000.\0003\000.\0001\0000\000\040\000n\000e\000w\000R\000u\000n\000D\000a\000t\000a\000P\000o\000i\000n\000t\000\050\000\051}{subsection.7.7.3}% 134
\BOOKMARK [2][-]{subsection.7.7.4}{\376\377\0007\000.\0007\000.\0004\000\040\000M\000e\000m\000b\000e\000r\000\040\000D\000a\000t\000a\000\040\000D\000o\000c\000u\000m\000e\000n\000t\000a\000t\000i\000o\000n}{section.7.7}% 135
\BOOKMARK [3][-]{subsubsection.7.7.4.1}{\376\377\0007\000.\0007\000.\0004\000.\0001\000\040\000a\000l\000t\000i\000t\000u\000d\000e\000A\000s\000c\000e\000n\000d\000e\000d}{subsection.7.7.4}% 136
\BOOKMARK [3][-]{subsubsection.7.7.4.2}{\376\377\0007\000.\0007\000.\0004\000.\0002\000\040\000a\000l\000t\000i\000t\000u\000d\000e\000D\000e\000s\000c\000e\000n\000d\000e\000d}{subsection.7.7.4}% 137
\BOOKMARK [3][-]{subsubsection.7.7.4.3}{\376\377\0007\000.\0007\000.\0004\000.\0003\000\040\000c\000a\000l\000o\000r\000i\000e\000s\000B\000u\000r\000n\000e\000d}{subsection.7.7.4}% 138
\BOOKMARK [3][-]{subsubsection.7.7.4.4}{\376\377\0007\000.\0007\000.\0004\000.\0004\000\040\000d\000b\000M\000a\000n\000a\000g\000e\000r}{subsection.7.7.4}% 139
\BOOKMARK [3][-]{subsubsection.7.7.4.5}{\376\377\0007\000.\0007\000.\0004\000.\0005\000\040\000d\000i\000s\000t\000a\000n\000c\000e}{subsection.7.7.4}% 140
\BOOKMARK [3][-]{subsubsection.7.7.4.6}{\376\377\0007\000.\0007\000.\0004\000.\0006\000\040\000d\000u\000r\000a\000t\000i\000o\000n}{subsection.7.7.4}% 141
\BOOKMARK [3][-]{subsubsection.7.7.4.7}{\376\377\0007\000.\0007\000.\0004\000.\0007\000\040\000i\000d}{subsection.7.7.4}% 142
\BOOKMARK [3][-]{subsubsection.7.7.4.8}{\376\377\0007\000.\0007\000.\0004\000.\0008\000\040\000r\000u\000n\000D\000a\000t\000e}{subsection.7.7.4}% 143
\BOOKMARK [3][-]{subsubsection.7.7.4.9}{\376\377\0007\000.\0007\000.\0004\000.\0009\000\040\000s\000p\000e\000e\000d}{subsection.7.7.4}% 144
\BOOKMARK [1][-]{section.7.8}{\376\377\0007\000.\0008\000\040\000c\000o\000m\000.\000a\000c\000t\000i\000v\000i\000t\000y\000t\000r\000a\000c\000k\000e\000r\000.\000R\000u\000n\000A\000t\000t\000r\000i\000b\000u\000t\000e\000\040\000E\000n\000u\000m\000\040\000R\000e\000f\000e\000r\000e\000n\000c\000e}{chapter.7}% 145
\BOOKMARK [2][-]{subsection.7.8.1}{\376\377\0007\000.\0008\000.\0001\000\040\000D\000e\000t\000a\000i\000l\000e\000d\000\040\000D\000e\000s\000c\000r\000i\000p\000t\000i\000o\000n}{section.7.8}% 146
\BOOKMARK [2][-]{subsection.7.8.2}{\376\377\0007\000.\0008\000.\0002\000\040\000M\000e\000m\000b\000e\000r\000\040\000D\000a\000t\000a\000\040\000D\000o\000c\000u\000m\000e\000n\000t\000a\000t\000i\000o\000n}{section.7.8}% 147
\BOOKMARK [3][-]{subsubsection.7.8.2.1}{\376\377\0007\000.\0008\000.\0002\000.\0001\000\040\000A\000L\000T\000I\000T\000U\000D\000E\000\137\000A\000S\000C\000E\000N\000D\000E\000D}{subsection.7.8.2}% 148
\BOOKMARK [3][-]{subsubsection.7.8.2.2}{\376\377\0007\000.\0008\000.\0002\000.\0002\000\040\000A\000L\000T\000I\000T\000U\000D\000E\000\137\000D\000E\000S\000C\000E\000N\000D\000E\000D}{subsection.7.8.2}% 149
\BOOKMARK [3][-]{subsubsection.7.8.2.3}{\376\377\0007\000.\0008\000.\0002\000.\0003\000\040\000D\000I\000S\000T\000A\000N\000C\000E}{subsection.7.8.2}% 150
\BOOKMARK [3][-]{subsubsection.7.8.2.4}{\376\377\0007\000.\0008\000.\0002\000.\0004\000\040\000D\000U\000R\000A\000T\000I\000O\000N}{subsection.7.8.2}% 151
\BOOKMARK [3][-]{subsubsection.7.8.2.5}{\376\377\0007\000.\0008\000.\0002\000.\0005\000\040\000S\000P\000E\000E\000D}{subsection.7.8.2}% 152
\BOOKMARK [1][-]{section.7.9}{\376\377\0007\000.\0009\000\040\000c\000o\000m\000.\000a\000c\000t\000i\000v\000i\000t\000y\000t\000r\000a\000c\000k\000e\000r\000.\000R\000u\000n\000S\000t\000a\000t\000s\000\040\000C\000l\000a\000s\000s\000\040\000R\000e\000f\000e\000r\000e\000n\000c\000e}{chapter.7}% 153
\BOOKMARK [2][-]{subsection.7.9.1}{\376\377\0007\000.\0009\000.\0001\000\040\000D\000e\000t\000a\000i\000l\000e\000d\000\040\000D\000e\000s\000c\000r\000i\000p\000t\000i\000o\000n}{section.7.9}% 154
\BOOKMARK [2][-]{subsection.7.9.2}{\376\377\0007\000.\0009\000.\0002\000\040\000C\000o\000n\000s\000t\000r\000u\000c\000t\000o\000r\000\040\000\046\000\040\000D\000e\000s\000t\000r\000u\000c\000t\000o\000r\000\040\000D\000o\000c\000u\000m\000e\000n\000t\000a\000t\000i\000o\000n}{section.7.9}% 155
\BOOKMARK [3][-]{subsubsection.7.9.2.1}{\376\377\0007\000.\0009\000.\0002\000.\0001\000\040\000R\000u\000n\000S\000t\000a\000t\000s\000\050\000\051\000\040\000[\0001\000/\0002\000]}{subsection.7.9.2}% 156
\BOOKMARK [3][-]{subsubsection.7.9.2.2}{\376\377\0007\000.\0009\000.\0002\000.\0002\000\040\000R\000u\000n\000S\000t\000a\000t\000s\000\050\000\051\000\040\000[\0002\000/\0002\000]}{subsection.7.9.2}% 157
\BOOKMARK [2][-]{subsection.7.9.3}{\376\377\0007\000.\0009\000.\0003\000\040\000M\000e\000m\000b\000e\000r\000\040\000F\000u\000n\000c\000t\000i\000o\000n\000\040\000D\000o\000c\000u\000m\000e\000n\000t\000a\000t\000i\000o\000n}{section.7.9}% 158
\BOOKMARK [3][-]{subsubsection.7.9.3.1}{\376\377\0007\000.\0009\000.\0003\000.\0001\000\040\000a\000d\000d\000R\000u\000n\000\050\000\051}{subsection.7.9.3}% 159
\BOOKMARK [3][-]{subsubsection.7.9.3.2}{\376\377\0007\000.\0009\000.\0003\000.\0002\000\040\000c\000o\000m\000p\000u\000t\000e\000\050\000\051}{subsection.7.9.3}% 160
\BOOKMARK [3][-]{subsubsection.7.9.3.3}{\376\377\0007\000.\0009\000.\0003\000.\0003\000\040\000c\000o\000m\000p\000u\000t\000e\000A\000l\000l\000\050\000\051}{subsection.7.9.3}% 161
\BOOKMARK [3][-]{subsubsection.7.9.3.4}{\376\377\0007\000.\0009\000.\0003\000.\0004\000\040\000g\000e\000t\000M\000e\000a\000n\000A\000l\000t\000i\000t\000u\000d\000e\000A\000s\000c\000e\000n\000d\000e\000d\000\050\000\051}{subsection.7.9.3}% 162
\BOOKMARK [3][-]{subsubsection.7.9.3.5}{\376\377\0007\000.\0009\000.\0003\000.\0005\000\040\000g\000e\000t\000M\000e\000a\000n\000A\000l\000t\000i\000t\000u\000d\000e\000D\000e\000s\000c\000e\000n\000d\000e\000d\000\050\000\051}{subsection.7.9.3}% 163
\BOOKMARK [3][-]{subsubsection.7.9.3.6}{\376\377\0007\000.\0009\000.\0003\000.\0006\000\040\000g\000e\000t\000M\000e\000a\000n\000D\000i\000s\000t\000a\000n\000c\000e\000\050\000\051}{subsection.7.9.3}% 164
\BOOKMARK [3][-]{subsubsection.7.9.3.7}{\376\377\0007\000.\0009\000.\0003\000.\0007\000\040\000g\000e\000t\000M\000e\000a\000n\000D\000u\000r\000a\000t\000i\000o\000n\000\050\000\051}{subsection.7.9.3}% 165
\BOOKMARK [3][-]{subsubsection.7.9.3.8}{\376\377\0007\000.\0009\000.\0003\000.\0008\000\040\000g\000e\000t\000M\000e\000a\000n\000S\000p\000e\000e\000d\000\050\000\051}{subsection.7.9.3}% 166
\BOOKMARK [3][-]{subsubsection.7.9.3.9}{\376\377\0007\000.\0009\000.\0003\000.\0009\000\040\000g\000e\000t\000T\000o\000t\000a\000l\000A\000l\000t\000i\000t\000u\000d\000e\000A\000s\000c\000e\000n\000d\000e\000d\000\050\000\051}{subsection.7.9.3}% 167
\BOOKMARK [3][-]{subsubsection.7.9.3.10}{\376\377\0007\000.\0009\000.\0003\000.\0001\0000\000\040\000g\000e\000t\000T\000o\000t\000a\000l\000A\000l\000t\000i\000t\000u\000d\000e\000D\000e\000s\000c\000e\000n\000d\000e\000d\000\050\000\051}{subsection.7.9.3}% 168
\BOOKMARK [3][-]{subsubsection.7.9.3.11}{\376\377\0007\000.\0009\000.\0003\000.\0001\0001\000\040\000g\000e\000t\000T\000o\000t\000a\000l\000D\000i\000s\000t\000a\000n\000c\000e\000\050\000\051}{subsection.7.9.3}% 169
\BOOKMARK [3][-]{subsubsection.7.9.3.12}{\376\377\0007\000.\0009\000.\0003\000.\0001\0002\000\040\000i\000s\000E\000m\000p\000t\000y\000\050\000\051}{subsection.7.9.3}% 170
\BOOKMARK [2][-]{subsection.7.9.4}{\376\377\0007\000.\0009\000.\0004\000\040\000M\000e\000m\000b\000e\000r\000\040\000D\000a\000t\000a\000\040\000D\000o\000c\000u\000m\000e\000n\000t\000a\000t\000i\000o\000n}{section.7.9}% 171
\BOOKMARK [3][-]{subsubsection.7.9.4.1}{\376\377\0007\000.\0009\000.\0004\000.\0001\000\040\000m\000e\000a\000n\000A\000l\000t\000i\000t\000u\000d\000e\000A\000s\000c\000e\000n\000d\000e\000d}{subsection.7.9.4}% 172
\BOOKMARK [3][-]{subsubsection.7.9.4.2}{\376\377\0007\000.\0009\000.\0004\000.\0002\000\040\000m\000e\000a\000n\000A\000l\000t\000i\000t\000u\000d\000e\000D\000e\000s\000c\000e\000n\000d\000e\000d}{subsection.7.9.4}% 173
\BOOKMARK [3][-]{subsubsection.7.9.4.3}{\376\377\0007\000.\0009\000.\0004\000.\0003\000\040\000m\000e\000a\000n\000D\000i\000s\000t\000a\000n\000c\000e}{subsection.7.9.4}% 174
\BOOKMARK [3][-]{subsubsection.7.9.4.4}{\376\377\0007\000.\0009\000.\0004\000.\0004\000\040\000m\000e\000a\000n\000D\000u\000r\000a\000t\000i\000o\000n}{subsection.7.9.4}% 175
\BOOKMARK [3][-]{subsubsection.7.9.4.5}{\376\377\0007\000.\0009\000.\0004\000.\0005\000\040\000m\000e\000a\000n\000S\000p\000e\000e\000d}{subsection.7.9.4}% 176
\BOOKMARK [3][-]{subsubsection.7.9.4.6}{\376\377\0007\000.\0009\000.\0004\000.\0006\000\040\000r\000u\000n\000s}{subsection.7.9.4}% 177
\BOOKMARK [3][-]{subsubsection.7.9.4.7}{\376\377\0007\000.\0009\000.\0004\000.\0007\000\040\000t\000o\000t\000a\000l\000A\000l\000t\000i\000t\000u\000d\000e\000A\000s\000c\000e\000n\000d\000e\000d}{subsection.7.9.4}% 178
\BOOKMARK [3][-]{subsubsection.7.9.4.8}{\376\377\0007\000.\0009\000.\0004\000.\0008\000\040\000t\000o\000t\000a\000l\000A\000l\000t\000i\000t\000u\000d\000e\000D\000e\000s\000c\000e\000n\000d\000e\000d}{subsection.7.9.4}% 179
\BOOKMARK [3][-]{subsubsection.7.9.4.9}{\376\377\0007\000.\0009\000.\0004\000.\0009\000\040\000t\000o\000t\000a\000l\000D\000i\000s\000t\000a\000n\000c\000e}{subsection.7.9.4}% 180
\BOOKMARK [1][-]{section.7.10}{\376\377\0007\000.\0001\0000\000\040\000c\000o\000m\000.\000a\000c\000t\000i\000v\000i\000t\000y\000t\000r\000a\000c\000k\000e\000r\000.\000S\000e\000c\000u\000r\000e\000S\000t\000r\000i\000n\000g\000\040\000C\000l\000a\000s\000s\000\040\000R\000e\000f\000e\000r\000e\000n\000c\000e}{chapter.7}% 181
\BOOKMARK [2][-]{subsection.7.10.1}{\376\377\0007\000.\0001\0000\000.\0001\000\040\000D\000e\000t\000a\000i\000l\000e\000d\000\040\000D\000e\000s\000c\000r\000i\000p\000t\000i\000o\000n}{section.7.10}% 182
\BOOKMARK [2][-]{subsection.7.10.2}{\376\377\0007\000.\0001\0000\000.\0002\000\040\000C\000o\000n\000s\000t\000r\000u\000c\000t\000o\000r\000\040\000\046\000\040\000D\000e\000s\000t\000r\000u\000c\000t\000o\000r\000\040\000D\000o\000c\000u\000m\000e\000n\000t\000a\000t\000i\000o\000n}{section.7.10}% 183
\BOOKMARK [3][-]{subsubsection.7.10.2.1}{\376\377\0007\000.\0001\0000\000.\0002\000.\0001\000\040\000S\000e\000c\000u\000r\000e\000S\000t\000r\000i\000n\000g\000\050\000\051\000\040\000[\0001\000/\0002\000]}{subsection.7.10.2}% 184
\BOOKMARK [3][-]{subsubsection.7.10.2.2}{\376\377\0007\000.\0001\0000\000.\0002\000.\0002\000\040\000S\000e\000c\000u\000r\000e\000S\000t\000r\000i\000n\000g\000\050\000\051\000\040\000[\0002\000/\0002\000]}{subsection.7.10.2}% 185
\BOOKMARK [2][-]{subsection.7.10.3}{\376\377\0007\000.\0001\0000\000.\0003\000\040\000M\000e\000m\000b\000e\000r\000\040\000F\000u\000n\000c\000t\000i\000o\000n\000\040\000D\000o\000c\000u\000m\000e\000n\000t\000a\000t\000i\000o\000n}{section.7.10}% 186
\BOOKMARK [3][-]{subsubsection.7.10.3.1}{\376\377\0007\000.\0001\0000\000.\0003\000.\0001\000\040\000e\000q\000u\000a\000l\000S\000t\000r\000i\000n\000g\000\050\000\051}{subsection.7.10.3}% 187
\BOOKMARK [3][-]{subsubsection.7.10.3.2}{\376\377\0007\000.\0001\0000\000.\0003\000.\0002\000\040\000g\000e\000n\000e\000r\000a\000t\000e\000S\000a\000l\000t\000\050\000\051}{subsection.7.10.3}% 188
\BOOKMARK [3][-]{subsubsection.7.10.3.3}{\376\377\0007\000.\0001\0000\000.\0003\000.\0003\000\040\000g\000e\000n\000e\000r\000a\000t\000e\000S\000e\000c\000u\000r\000e\000S\000t\000r\000i\000n\000g\000\050\000\051}{subsection.7.10.3}% 189
\BOOKMARK [3][-]{subsubsection.7.10.3.4}{\376\377\0007\000.\0001\0000\000.\0003\000.\0004\000\040\000g\000e\000t\000S\000a\000l\000t\000\050\000\051}{subsection.7.10.3}% 190
\BOOKMARK [3][-]{subsubsection.7.10.3.5}{\376\377\0007\000.\0001\0000\000.\0003\000.\0005\000\040\000t\000o\000S\000t\000r\000i\000n\000g\000\050\000\051}{subsection.7.10.3}% 191
\BOOKMARK [2][-]{subsection.7.10.4}{\376\377\0007\000.\0001\0000\000.\0004\000\040\000M\000e\000m\000b\000e\000r\000\040\000D\000a\000t\000a\000\040\000D\000o\000c\000u\000m\000e\000n\000t\000a\000t\000i\000o\000n}{section.7.10}% 192
\BOOKMARK [3][-]{subsubsection.7.10.4.1}{\376\377\0007\000.\0001\0000\000.\0004\000.\0001\000\040\000s\000a\000l\000t}{subsection.7.10.4}% 193
\BOOKMARK [3][-]{subsubsection.7.10.4.2}{\376\377\0007\000.\0001\0000\000.\0004\000.\0002\000\040\000s\000e\000c\000u\000r\000e\000S\000t\000r\000i\000n\000g}{subsection.7.10.4}% 194
\BOOKMARK [1][-]{section.7.11}{\376\377\0007\000.\0001\0001\000\040\000c\000o\000m\000.\000a\000c\000t\000i\000v\000i\000t\000y\000t\000r\000a\000c\000k\000e\000r\000.\000U\000s\000e\000r\000.\000S\000e\000x\000\040\000E\000n\000u\000m\000\040\000R\000e\000f\000e\000r\000e\000n\000c\000e}{chapter.7}% 195
\BOOKMARK [2][-]{subsection.7.11.1}{\376\377\0007\000.\0001\0001\000.\0001\000\040\000D\000e\000t\000a\000i\000l\000e\000d\000\040\000D\000e\000s\000c\000r\000i\000p\000t\000i\000o\000n}{section.7.11}% 196
\BOOKMARK [2][-]{subsection.7.11.2}{\376\377\0007\000.\0001\0001\000.\0002\000\040\000M\000e\000m\000b\000e\000r\000\040\000D\000a\000t\000a\000\040\000D\000o\000c\000u\000m\000e\000n\000t\000a\000t\000i\000o\000n}{section.7.11}% 197
\BOOKMARK [3][-]{subsubsection.7.11.2.1}{\376\377\0007\000.\0001\0001\000.\0002\000.\0001\000\040\000F\000E\000M\000A\000L\000E}{subsection.7.11.2}% 198
\BOOKMARK [3][-]{subsubsection.7.11.2.2}{\376\377\0007\000.\0001\0001\000.\0002\000.\0002\000\040\000M\000A\000L\000E}{subsection.7.11.2}% 199
\BOOKMARK [1][-]{section.7.12}{\376\377\0007\000.\0001\0002\000\040\000c\000o\000m\000.\000a\000c\000t\000i\000v\000i\000t\000y\000t\000r\000a\000c\000k\000e\000r\000.\000U\000s\000e\000r\000\040\000C\000l\000a\000s\000s\000\040\000R\000e\000f\000e\000r\000e\000n\000c\000e}{chapter.7}% 200
\BOOKMARK [2][-]{subsection.7.12.1}{\376\377\0007\000.\0001\0002\000.\0001\000\040\000D\000e\000t\000a\000i\000l\000e\000d\000\040\000D\000e\000s\000c\000r\000i\000p\000t\000i\000o\000n}{section.7.12}% 201
\BOOKMARK [2][-]{subsection.7.12.2}{\376\377\0007\000.\0001\0002\000.\0002\000\040\000C\000o\000n\000s\000t\000r\000u\000c\000t\000o\000r\000\040\000\046\000\040\000D\000e\000s\000t\000r\000u\000c\000t\000o\000r\000\040\000D\000o\000c\000u\000m\000e\000n\000t\000a\000t\000i\000o\000n}{section.7.12}% 202
\BOOKMARK [3][-]{subsubsection.7.12.2.1}{\376\377\0007\000.\0001\0002\000.\0002\000.\0001\000\040\000U\000s\000e\000r\000\050\000\051}{subsection.7.12.2}% 203
\BOOKMARK [2][-]{subsection.7.12.3}{\376\377\0007\000.\0001\0002\000.\0003\000\040\000M\000e\000m\000b\000e\000r\000\040\000F\000u\000n\000c\000t\000i\000o\000n\000\040\000D\000o\000c\000u\000m\000e\000n\000t\000a\000t\000i\000o\000n}{section.7.12}% 204
\BOOKMARK [3][-]{subsubsection.7.12.3.1}{\376\377\0007\000.\0001\0002\000.\0003\000.\0001\000\040\000c\000r\000e\000a\000t\000e\000U\000s\000e\000r\000\050\000\051}{subsection.7.12.3}% 205
\BOOKMARK [3][-]{subsubsection.7.12.3.2}{\376\377\0007\000.\0001\0002\000.\0003\000.\0002\000\040\000g\000e\000t\000D\000a\000t\000e\000O\000f\000B\000i\000r\000t\000h\000\050\000\051}{subsection.7.12.3}% 206
\BOOKMARK [3][-]{subsubsection.7.12.3.3}{\376\377\0007\000.\0001\0002\000.\0003\000.\0003\000\040\000g\000e\000t\000E\000m\000a\000i\000l\000A\000d\000d\000r\000e\000s\000s\000\050\000\051}{subsection.7.12.3}% 207
\BOOKMARK [3][-]{subsubsection.7.12.3.4}{\376\377\0007\000.\0001\0002\000.\0003\000.\0004\000\040\000g\000e\000t\000H\000e\000i\000g\000h\000t\000\050\000\051}{subsection.7.12.3}% 208
\BOOKMARK [3][-]{subsubsection.7.12.3.5}{\376\377\0007\000.\0001\0002\000.\0003\000.\0005\000\040\000g\000e\000t\000I\000D\000\050\000\051}{subsection.7.12.3}% 209
\BOOKMARK [3][-]{subsubsection.7.12.3.6}{\376\377\0007\000.\0001\0002\000.\0003\000.\0006\000\040\000g\000e\000t\000L\000a\000s\000t\000R\000I\000D\000\050\000\051}{subsection.7.12.3}% 210
\BOOKMARK [3][-]{subsubsection.7.12.3.7}{\376\377\0007\000.\0001\0002\000.\0003\000.\0007\000\040\000g\000e\000t\000N\000a\000m\000e\000\050\000\051}{subsection.7.12.3}% 211
\BOOKMARK [3][-]{subsubsection.7.12.3.8}{\376\377\0007\000.\0001\0002\000.\0003\000.\0008\000\040\000g\000e\000t\000S\000e\000x\000\050\000\051}{subsection.7.12.3}% 212
\BOOKMARK [3][-]{subsubsection.7.12.3.9}{\376\377\0007\000.\0001\0002\000.\0003\000.\0009\000\040\000g\000e\000t\000W\000e\000i\000g\000h\000t\000\050\000\051}{subsection.7.12.3}% 213
\BOOKMARK [3][-]{subsubsection.7.12.3.10}{\376\377\0007\000.\0001\0002\000.\0003\000.\0001\0000\000\040\000s\000e\000t\000L\000a\000s\000t\000R\000I\000D\000\050\000\051}{subsection.7.12.3}% 214
\BOOKMARK [2][-]{subsection.7.12.4}{\376\377\0007\000.\0001\0002\000.\0004\000\040\000M\000e\000m\000b\000e\000r\000\040\000D\000a\000t\000a\000\040\000D\000o\000c\000u\000m\000e\000n\000t\000a\000t\000i\000o\000n}{section.7.12}% 215
\BOOKMARK [3][-]{subsubsection.7.12.4.1}{\376\377\0007\000.\0001\0002\000.\0004\000.\0001\000\040\000d\000a\000t\000e\000O\000f\000B\000i\000r\000t\000h}{subsection.7.12.4}% 216
\BOOKMARK [3][-]{subsubsection.7.12.4.2}{\376\377\0007\000.\0001\0002\000.\0004\000.\0002\000\040\000d\000b\000M\000a\000n\000a\000g\000e\000r}{subsection.7.12.4}% 217
\BOOKMARK [3][-]{subsubsection.7.12.4.3}{\376\377\0007\000.\0001\0002\000.\0004\000.\0003\000\040\000e\000m\000a\000i\000l\000A\000d\000d\000r\000e\000s\000s}{subsection.7.12.4}% 218
\BOOKMARK [3][-]{subsubsection.7.12.4.4}{\376\377\0007\000.\0001\0002\000.\0004\000.\0004\000\040\000h\000e\000i\000g\000h\000t}{subsection.7.12.4}% 219
\BOOKMARK [3][-]{subsubsection.7.12.4.5}{\376\377\0007\000.\0001\0002\000.\0004\000.\0005\000\040\000i\000d}{subsection.7.12.4}% 220
\BOOKMARK [3][-]{subsubsection.7.12.4.6}{\376\377\0007\000.\0001\0002\000.\0004\000.\0006\000\040\000n\000a\000m\000e}{subsection.7.12.4}% 221
\BOOKMARK [3][-]{subsubsection.7.12.4.7}{\376\377\0007\000.\0001\0002\000.\0004\000.\0007\000\040\000s\000e\000x}{subsection.7.12.4}% 222
\BOOKMARK [3][-]{subsubsection.7.12.4.8}{\376\377\0007\000.\0001\0002\000.\0004\000.\0008\000\040\000w\000e\000i\000g\000h\000t}{subsection.7.12.4}% 223
\BOOKMARK [1][-]{section.7.13}{\376\377\0007\000.\0001\0003\000\040\000c\000o\000m\000.\000a\000c\000t\000i\000v\000i\000t\000y\000t\000r\000a\000c\000k\000e\000r\000.\000U\000s\000e\000r\000A\000t\000t\000r\000i\000b\000u\000t\000e\000\040\000E\000n\000u\000m\000\040\000R\000e\000f\000e\000r\000e\000n\000c\000e}{chapter.7}% 224
\BOOKMARK [2][-]{subsection.7.13.1}{\376\377\0007\000.\0001\0003\000.\0001\000\040\000D\000e\000t\000a\000i\000l\000e\000d\000\040\000D\000e\000s\000c\000r\000i\000p\000t\000i\000o\000n}{section.7.13}% 225
\BOOKMARK [2][-]{subsection.7.13.2}{\376\377\0007\000.\0001\0003\000.\0002\000\040\000M\000e\000m\000b\000e\000r\000\040\000D\000a\000t\000a\000\040\000D\000o\000c\000u\000m\000e\000n\000t\000a\000t\000i\000o\000n}{section.7.13}% 226
\BOOKMARK [3][-]{subsubsection.7.13.2.1}{\376\377\0007\000.\0001\0003\000.\0002\000.\0001\000\040\000D\000A\000T\000E\000\137\000O\000F\000\137\000B\000I\000R\000T\000H}{subsection.7.13.2}% 227
\BOOKMARK [3][-]{subsubsection.7.13.2.2}{\376\377\0007\000.\0001\0003\000.\0002\000.\0002\000\040\000E\000M\000A\000I\000L\000\137\000A\000D\000D\000R\000E\000S\000S}{subsection.7.13.2}% 228
\BOOKMARK [3][-]{subsubsection.7.13.2.3}{\376\377\0007\000.\0001\0003\000.\0002\000.\0003\000\040\000H\000E\000I\000G\000H\000T}{subsection.7.13.2}% 229
\BOOKMARK [3][-]{subsubsection.7.13.2.4}{\376\377\0007\000.\0001\0003\000.\0002\000.\0004\000\040\000I\000D}{subsection.7.13.2}% 230
\BOOKMARK [3][-]{subsubsection.7.13.2.5}{\376\377\0007\000.\0001\0003\000.\0002\000.\0005\000\040\000N\000A\000M\000E}{subsection.7.13.2}% 231
\BOOKMARK [3][-]{subsubsection.7.13.2.6}{\376\377\0007\000.\0001\0003\000.\0002\000.\0006\000\040\000P\000A\000S\000S\000W\000O\000R\000D}{subsection.7.13.2}% 232
\BOOKMARK [3][-]{subsubsection.7.13.2.7}{\376\377\0007\000.\0001\0003\000.\0002\000.\0007\000\040\000S\000A\000L\000T}{subsection.7.13.2}% 233
\BOOKMARK [3][-]{subsubsection.7.13.2.8}{\376\377\0007\000.\0001\0003\000.\0002\000.\0008\000\040\000S\000E\000X}{subsection.7.13.2}% 234
\BOOKMARK [3][-]{subsubsection.7.13.2.9}{\376\377\0007\000.\0001\0003\000.\0002\000.\0009\000\040\000W\000E\000I\000G\000H\000T}{subsection.7.13.2}% 235
\BOOKMARK [0][-]{chapter.8}{\376\377\0008\000\040\000F\000i\000l\000e\000\040\000D\000o\000c\000u\000m\000e\000n\000t\000a\000t\000i\000o\000n}{}% 236
\BOOKMARK [1][-]{section.8.1}{\376\377\0008\000.\0001\000\040\000a\000p\000p\000/\000s\000r\000c\000/\000c\000o\000m\000/\000a\000c\000t\000i\000v\000i\000t\000y\000t\000r\000a\000c\000k\000e\000r\000/\000A\000c\000t\000i\000v\000i\000t\000y\000T\000r\000a\000c\000k\000e\000r\000.\000j\000a\000v\000a\000\040\000F\000i\000l\000e\000\040\000R\000e\000f\000e\000r\000e\000n\000c\000e}{chapter.8}% 237
\BOOKMARK [1][-]{section.8.2}{\376\377\0008\000.\0002\000\040\000a\000p\000p\000/\000s\000r\000c\000/\000c\000o\000m\000/\000a\000c\000t\000i\000v\000i\000t\000y\000t\000r\000a\000c\000k\000e\000r\000/\000C\000r\000e\000a\000t\000e\000U\000s\000e\000r\000W\000i\000n\000d\000o\000w\000.\000j\000a\000v\000a\000\040\000F\000i\000l\000e\000\040\000R\000e\000f\000e\000r\000e\000n\000c\000e}{chapter.8}% 238
\BOOKMARK [1][-]{section.8.3}{\376\377\0008\000.\0003\000\040\000a\000p\000p\000/\000s\000r\000c\000/\000c\000o\000m\000/\000a\000c\000t\000i\000v\000i\000t\000y\000t\000r\000a\000c\000k\000e\000r\000/\000D\000B\000M\000a\000n\000a\000g\000e\000r\000.\000j\000a\000v\000a\000\040\000F\000i\000l\000e\000\040\000R\000e\000f\000e\000r\000e\000n\000c\000e}{chapter.8}% 239
\BOOKMARK [1][-]{section.8.4}{\376\377\0008\000.\0004\000\040\000a\000p\000p\000/\000s\000r\000c\000/\000c\000o\000m\000/\000a\000c\000t\000i\000v\000i\000t\000y\000t\000r\000a\000c\000k\000e\000r\000/\000I\000t\000e\000r\000a\000t\000i\000o\000n\0003\000T\000e\000s\000t\000.\000j\000a\000v\000a\000\040\000F\000i\000l\000e\000\040\000R\000e\000f\000e\000r\000e\000n\000c\000e}{chapter.8}% 240
\BOOKMARK [1][-]{section.8.5}{\376\377\0008\000.\0005\000\040\000a\000p\000p\000/\000s\000r\000c\000/\000c\000o\000m\000/\000a\000c\000t\000i\000v\000i\000t\000y\000t\000r\000a\000c\000k\000e\000r\000/\000L\000o\000g\000i\000n\000W\000i\000n\000d\000o\000w\000.\000j\000a\000v\000a\000\040\000F\000i\000l\000e\000\040\000R\000e\000f\000e\000r\000e\000n\000c\000e}{chapter.8}% 241
\BOOKMARK [1][-]{section.8.6}{\376\377\0008\000.\0006\000\040\000a\000p\000p\000/\000s\000r\000c\000/\000c\000o\000m\000/\000a\000c\000t\000i\000v\000i\000t\000y\000t\000r\000a\000c\000k\000e\000r\000/\000M\000a\000i\000n\000W\000i\000n\000d\000o\000w\000.\000j\000a\000v\000a\000\040\000F\000i\000l\000e\000\040\000R\000e\000f\000e\000r\000e\000n\000c\000e}{chapter.8}% 242
\BOOKMARK [1][-]{section.8.7}{\376\377\0008\000.\0007\000\040\000a\000p\000p\000/\000s\000r\000c\000/\000c\000o\000m\000/\000a\000c\000t\000i\000v\000i\000t\000y\000t\000r\000a\000c\000k\000e\000r\000/\000R\000u\000n\000.\000j\000a\000v\000a\000\040\000F\000i\000l\000e\000\040\000R\000e\000f\000e\000r\000e\000n\000c\000e}{chapter.8}% 243
\BOOKMARK [1][-]{section.8.8}{\376\377\0008\000.\0008\000\040\000a\000p\000p\000/\000s\000r\000c\000/\000c\000o\000m\000/\000a\000c\000t\000i\000v\000i\000t\000y\000t\000r\000a\000c\000k\000e\000r\000/\000R\000u\000n\000A\000t\000t\000r\000i\000b\000u\000t\000e\000.\000j\000a\000v\000a\000\040\000F\000i\000l\000e\000\040\000R\000e\000f\000e\000r\000e\000n\000c\000e}{chapter.8}% 244
\BOOKMARK [1][-]{section.8.9}{\376\377\0008\000.\0009\000\040\000a\000p\000p\000/\000s\000r\000c\000/\000c\000o\000m\000/\000a\000c\000t\000i\000v\000i\000t\000y\000t\000r\000a\000c\000k\000e\000r\000/\000R\000u\000n\000S\000t\000a\000t\000s\000.\000j\000a\000v\000a\000\040\000F\000i\000l\000e\000\040\000R\000e\000f\000e\000r\000e\000n\000c\000e}{chapter.8}% 245
\BOOKMARK [1][-]{section.8.10}{\376\377\0008\000.\0001\0000\000\040\000a\000p\000p\000/\000s\000r\000c\000/\000c\000o\000m\000/\000a\000c\000t\000i\000v\000i\000t\000y\000t\000r\000a\000c\000k\000e\000r\000/\000S\000e\000c\000u\000r\000e\000S\000t\000r\000i\000n\000g\000.\000j\000a\000v\000a\000\040\000F\000i\000l\000e\000\040\000R\000e\000f\000e\000r\000e\000n\000c\000e}{chapter.8}% 246
\BOOKMARK [1][-]{section.8.11}{\376\377\0008\000.\0001\0001\000\040\000a\000p\000p\000/\000s\000r\000c\000/\000c\000o\000m\000/\000a\000c\000t\000i\000v\000i\000t\000y\000t\000r\000a\000c\000k\000e\000r\000/\000U\000s\000e\000r\000.\000j\000a\000v\000a\000\040\000F\000i\000l\000e\000\040\000R\000e\000f\000e\000r\000e\000n\000c\000e}{chapter.8}% 247
\BOOKMARK [1][-]{section.8.12}{\376\377\0008\000.\0001\0002\000\040\000a\000p\000p\000/\000s\000r\000c\000/\000c\000o\000m\000/\000a\000c\000t\000i\000v\000i\000t\000y\000t\000r\000a\000c\000k\000e\000r\000/\000U\000s\000e\000r\000A\000t\000t\000r\000i\000b\000u\000t\000e\000.\000j\000a\000v\000a\000\040\000F\000i\000l\000e\000\040\000R\000e\000f\000e\000r\000e\000n\000c\000e}{chapter.8}% 248
\BOOKMARK [0][-]{section*.79}{\376\377\000I\000n\000d\000e\000x}{}% 249
