\BOOKMARK [0][-]{chapter.1}{\376\377\0001\000\040\000N\000a\000m\000e\000s\000p\000a\000c\000e\000\040\000I\000n\000d\000e\000x}{}% 1
\BOOKMARK [1][-]{section.1.1}{\376\377\0001\000.\0001\000\040\000P\000a\000c\000k\000a\000g\000e\000s}{chapter.1}% 2
\BOOKMARK [0][-]{chapter.2}{\376\377\0002\000\040\000H\000i\000e\000r\000a\000r\000c\000h\000i\000c\000a\000l\000\040\000I\000n\000d\000e\000x}{}% 3
\BOOKMARK [1][-]{section.2.1}{\376\377\0002\000.\0001\000\040\000C\000l\000a\000s\000s\000\040\000H\000i\000e\000r\000a\000r\000c\000h\000y}{chapter.2}% 4
\BOOKMARK [0][-]{chapter.3}{\376\377\0003\000\040\000C\000l\000a\000s\000s\000\040\000I\000n\000d\000e\000x}{}% 5
\BOOKMARK [1][-]{section.3.1}{\376\377\0003\000.\0001\000\040\000C\000l\000a\000s\000s\000\040\000L\000i\000s\000t}{chapter.3}% 6
\BOOKMARK [0][-]{chapter.4}{\376\377\0004\000\040\000F\000i\000l\000e\000\040\000I\000n\000d\000e\000x}{}% 7
\BOOKMARK [1][-]{section.4.1}{\376\377\0004\000.\0001\000\040\000F\000i\000l\000e\000\040\000L\000i\000s\000t}{chapter.4}% 8
\BOOKMARK [0][-]{chapter.5}{\376\377\0005\000\040\000N\000a\000m\000e\000s\000p\000a\000c\000e\000\040\000D\000o\000c\000u\000m\000e\000n\000t\000a\000t\000i\000o\000n}{}% 9
\BOOKMARK [1][-]{section.5.1}{\376\377\0005\000.\0001\000\040\000P\000a\000c\000k\000a\000g\000e\000\040\000c\000o\000m}{chapter.5}% 10
\BOOKMARK [1][-]{section.5.2}{\376\377\0005\000.\0002\000\040\000P\000a\000c\000k\000a\000g\000e\000\040\000c\000o\000m\000.\000a\000c\000t\000i\000v\000i\000t\000y\000t\000r\000a\000c\000k\000e\000r}{chapter.5}% 11
\BOOKMARK [0][-]{chapter.6}{\376\377\0006\000\040\000C\000l\000a\000s\000s\000\040\000D\000o\000c\000u\000m\000e\000n\000t\000a\000t\000i\000o\000n}{}% 12
\BOOKMARK [1][-]{section.6.1}{\376\377\0006\000.\0001\000\040\000c\000o\000m\000.\000a\000c\000t\000i\000v\000i\000t\000y\000t\000r\000a\000c\000k\000e\000r\000.\000A\000c\000t\000i\000v\000i\000t\000y\000T\000r\000a\000c\000k\000e\000r\000\040\000C\000l\000a\000s\000s\000\040\000R\000e\000f\000e\000r\000e\000n\000c\000e}{chapter.6}% 13
\BOOKMARK [2][-]{subsection.6.1.1}{\376\377\0006\000.\0001\000.\0001\000\040\000D\000e\000t\000a\000i\000l\000e\000d\000\040\000D\000e\000s\000c\000r\000i\000p\000t\000i\000o\000n}{section.6.1}% 14
\BOOKMARK [2][-]{subsection.6.1.2}{\376\377\0006\000.\0001\000.\0002\000\040\000M\000e\000m\000b\000e\000r\000\040\000F\000u\000n\000c\000t\000i\000o\000n\000\040\000D\000o\000c\000u\000m\000e\000n\000t\000a\000t\000i\000o\000n}{section.6.1}% 15
\BOOKMARK [3][-]{subsubsection.6.1.2.1}{\376\377\0006\000.\0001\000.\0002\000.\0001\000\040\000m\000a\000i\000n\000\050\000\051}{subsection.6.1.2}% 16
\BOOKMARK [1][-]{section.6.2}{\376\377\0006\000.\0002\000\040\000c\000o\000m\000.\000a\000c\000t\000i\000v\000i\000t\000y\000t\000r\000a\000c\000k\000e\000r\000.\000C\000r\000e\000a\000t\000e\000U\000s\000e\000r\000W\000i\000n\000d\000o\000w\000\040\000C\000l\000a\000s\000s\000\040\000R\000e\000f\000e\000r\000e\000n\000c\000e}{chapter.6}% 17
\BOOKMARK [2][-]{subsection.6.2.1}{\376\377\0006\000.\0002\000.\0001\000\040\000D\000e\000t\000a\000i\000l\000e\000d\000\040\000D\000e\000s\000c\000r\000i\000p\000t\000i\000o\000n}{section.6.2}% 18
\BOOKMARK [2][-]{subsection.6.2.2}{\376\377\0006\000.\0002\000.\0002\000\040\000C\000o\000n\000s\000t\000r\000u\000c\000t\000o\000r\000\040\000\046\000\040\000D\000e\000s\000t\000r\000u\000c\000t\000o\000r\000\040\000D\000o\000c\000u\000m\000e\000n\000t\000a\000t\000i\000o\000n}{section.6.2}% 19
\BOOKMARK [3][-]{subsubsection.6.2.2.1}{\376\377\0006\000.\0002\000.\0002\000.\0001\000\040\000C\000r\000e\000a\000t\000e\000U\000s\000e\000r\000W\000i\000n\000d\000o\000w\000\050\000\051}{subsection.6.2.2}% 20
\BOOKMARK [2][-]{subsection.6.2.3}{\376\377\0006\000.\0002\000.\0003\000\040\000M\000e\000m\000b\000e\000r\000\040\000F\000u\000n\000c\000t\000i\000o\000n\000\040\000D\000o\000c\000u\000m\000e\000n\000t\000a\000t\000i\000o\000n}{section.6.2}% 21
\BOOKMARK [3][-]{subsubsection.6.2.3.1}{\376\377\0006\000.\0002\000.\0003\000.\0001\000\040\000r\000o\000o\000t\000P\000a\000n\000e\000l\000\050\000\051}{subsection.6.2.3}% 22
\BOOKMARK [3][-]{subsubsection.6.2.3.2}{\376\377\0006\000.\0002\000.\0003\000.\0002\000\040\000s\000e\000t\000u\000p\000A\000c\000t\000i\000o\000n\000L\000i\000s\000t\000e\000n\000e\000r\000s\000\050\000\051}{subsection.6.2.3}% 23
\BOOKMARK [3][-]{subsubsection.6.2.3.3}{\376\377\0006\000.\0002\000.\0003\000.\0003\000\040\000s\000e\000t\000u\000p\000U\000I\000\050\000\051}{subsection.6.2.3}% 24
\BOOKMARK [2][-]{subsection.6.2.4}{\376\377\0006\000.\0002\000.\0004\000\040\000M\000e\000m\000b\000e\000r\000\040\000D\000a\000t\000a\000\040\000D\000o\000c\000u\000m\000e\000n\000t\000a\000t\000i\000o\000n}{section.6.2}% 25
\BOOKMARK [3][-]{subsubsection.6.2.4.1}{\376\377\0006\000.\0002\000.\0004\000.\0001\000\040\000b\000u\000t\000t\000o\000n\000C\000a\000n\000c\000e\000l}{subsection.6.2.4}% 26
\BOOKMARK [3][-]{subsubsection.6.2.4.2}{\376\377\0006\000.\0002\000.\0004\000.\0002\000\040\000b\000u\000t\000t\000o\000n\000O\000k}{subsection.6.2.4}% 27
\BOOKMARK [3][-]{subsubsection.6.2.4.3}{\376\377\0006\000.\0002\000.\0004\000.\0003\000\040\000m\000\137\000r\000o\000o\000t\000P\000a\000n\000e\000l}{subsection.6.2.4}% 28
\BOOKMARK [3][-]{subsubsection.6.2.4.4}{\376\377\0006\000.\0002\000.\0004\000.\0004\000\040\000p\000a\000s\000s\000w\000o\000r\000d\000F\000i\000e\000l\000d}{subsection.6.2.4}% 29
\BOOKMARK [3][-]{subsubsection.6.2.4.5}{\376\377\0006\000.\0002\000.\0004\000.\0005\000\040\000t\000e\000x\000t\000F\000i\000e\000l\000d\000E\000m\000a\000i\000l}{subsection.6.2.4}% 30
\BOOKMARK [3][-]{subsubsection.6.2.4.6}{\376\377\0006\000.\0002\000.\0004\000.\0006\000\040\000t\000e\000x\000t\000F\000i\000e\000l\000d\000H\000e\000i\000g\000h\000t}{subsection.6.2.4}% 31
\BOOKMARK [3][-]{subsubsection.6.2.4.7}{\376\377\0006\000.\0002\000.\0004\000.\0007\000\040\000t\000e\000x\000t\000F\000i\000e\000l\000d\000N\000a\000m\000e}{subsection.6.2.4}% 32
\BOOKMARK [3][-]{subsubsection.6.2.4.8}{\376\377\0006\000.\0002\000.\0004\000.\0008\000\040\000t\000e\000x\000t\000F\000i\000e\000l\000d\000W\000e\000i\000g\000h\000t}{subsection.6.2.4}% 33
\BOOKMARK [1][-]{section.6.3}{\376\377\0006\000.\0003\000\040\000c\000o\000m\000.\000a\000c\000t\000i\000v\000i\000t\000y\000t\000r\000a\000c\000k\000e\000r\000.\000D\000B\000M\000a\000n\000a\000g\000e\000r\000\040\000C\000l\000a\000s\000s\000\040\000R\000e\000f\000e\000r\000e\000n\000c\000e}{chapter.6}% 34
\BOOKMARK [2][-]{subsection.6.3.1}{\376\377\0006\000.\0003\000.\0001\000\040\000D\000e\000t\000a\000i\000l\000e\000d\000\040\000D\000e\000s\000c\000r\000i\000p\000t\000i\000o\000n}{section.6.3}% 35
\BOOKMARK [2][-]{subsection.6.3.2}{\376\377\0006\000.\0003\000.\0002\000\040\000C\000o\000n\000s\000t\000r\000u\000c\000t\000o\000r\000\040\000\046\000\040\000D\000e\000s\000t\000r\000u\000c\000t\000o\000r\000\040\000D\000o\000c\000u\000m\000e\000n\000t\000a\000t\000i\000o\000n}{section.6.3}% 36
\BOOKMARK [3][-]{subsubsection.6.3.2.1}{\376\377\0006\000.\0003\000.\0002\000.\0001\000\040\000D\000B\000M\000a\000n\000a\000g\000e\000r\000\050\000\051}{subsection.6.3.2}% 37
\BOOKMARK [2][-]{subsection.6.3.3}{\376\377\0006\000.\0003\000.\0003\000\040\000M\000e\000m\000b\000e\000r\000\040\000F\000u\000n\000c\000t\000i\000o\000n\000\040\000D\000o\000c\000u\000m\000e\000n\000t\000a\000t\000i\000o\000n}{section.6.3}% 38
\BOOKMARK [3][-]{subsubsection.6.3.3.1}{\376\377\0006\000.\0003\000.\0003\000.\0001\000\040\000c\000r\000e\000a\000t\000e\000U\000s\000e\000r\000\050\000\051}{subsection.6.3.3}% 39
\BOOKMARK [3][-]{subsubsection.6.3.3.2}{\376\377\0006\000.\0003\000.\0003\000.\0002\000\040\000e\000x\000e\000c\000u\000t\000e\000Q\000u\000e\000r\000y\000\050\000\051}{subsection.6.3.3}% 40
\BOOKMARK [3][-]{subsubsection.6.3.3.3}{\376\377\0006\000.\0003\000.\0003\000.\0003\000\040\000e\000x\000e\000c\000u\000t\000e\000U\000p\000d\000a\000t\000e\000\050\000\051}{subsection.6.3.3}% 41
\BOOKMARK [3][-]{subsubsection.6.3.3.4}{\376\377\0006\000.\0003\000.\0003\000.\0004\000\040\000g\000e\000t\000D\000a\000t\000e\000O\000f\000B\000i\000r\000t\000h\000\050\000\051}{subsection.6.3.3}% 42
\BOOKMARK [3][-]{subsubsection.6.3.3.5}{\376\377\0006\000.\0003\000.\0003\000.\0005\000\040\000g\000e\000t\000U\000s\000e\000r\000F\000l\000o\000a\000t\000A\000t\000t\000r\000i\000b\000u\000t\000e\000\050\000\051}{subsection.6.3.3}% 43
\BOOKMARK [3][-]{subsubsection.6.3.3.6}{\376\377\0006\000.\0003\000.\0003\000.\0006\000\040\000g\000e\000t\000U\000s\000e\000r\000I\000D\000B\000y\000E\000m\000a\000i\000l\000\050\000\051}{subsection.6.3.3}% 44
\BOOKMARK [3][-]{subsubsection.6.3.3.7}{\376\377\0006\000.\0003\000.\0003\000.\0007\000\040\000g\000e\000t\000U\000s\000e\000r\000L\000a\000s\000t\000W\000O\000I\000D\000\050\000\051}{subsection.6.3.3}% 45
\BOOKMARK [3][-]{subsubsection.6.3.3.8}{\376\377\0006\000.\0003\000.\0003\000.\0008\000\040\000g\000e\000t\000U\000s\000e\000r\000P\000a\000s\000s\000S\000a\000l\000t\000\050\000\051}{subsection.6.3.3}% 46
\BOOKMARK [3][-]{subsubsection.6.3.3.9}{\376\377\0006\000.\0003\000.\0003\000.\0009\000\040\000g\000e\000t\000U\000s\000e\000r\000S\000e\000x\000\050\000\051}{subsection.6.3.3}% 47
\BOOKMARK [3][-]{subsubsection.6.3.3.10}{\376\377\0006\000.\0003\000.\0003\000.\0001\0000\000\040\000g\000e\000t\000U\000s\000e\000r\000S\000t\000r\000i\000n\000g\000A\000t\000t\000r\000i\000b\000u\000t\000e\000\050\000\051}{subsection.6.3.3}% 48
\BOOKMARK [3][-]{subsubsection.6.3.3.11}{\376\377\0006\000.\0003\000.\0003\000.\0001\0001\000\040\000g\000e\000t\000W\000o\000r\000k\000o\000u\000t\000F\000l\000o\000a\000t\000A\000t\000t\000r\000i\000b\000u\000t\000e\000\050\000\051}{subsection.6.3.3}% 49
\BOOKMARK [3][-]{subsubsection.6.3.3.12}{\376\377\0006\000.\0003\000.\0003\000.\0001\0002\000\040\000i\000n\000i\000t\000\050\000\051}{subsection.6.3.3}% 50
\BOOKMARK [3][-]{subsubsection.6.3.3.13}{\376\377\0006\000.\0003\000.\0003\000.\0001\0003\000\040\000i\000s\000E\000m\000p\000t\000y\000\050\000\051}{subsection.6.3.3}% 51
\BOOKMARK [3][-]{subsubsection.6.3.3.14}{\376\377\0006\000.\0003\000.\0003\000.\0001\0004\000\040\000n\000e\000w\000W\000o\000r\000k\000o\000u\000t\000\050\000\051}{subsection.6.3.3}% 52
\BOOKMARK [3][-]{subsubsection.6.3.3.15}{\376\377\0006\000.\0003\000.\0003\000.\0001\0005\000\040\000s\000e\000t\000U\000s\000e\000r\000L\000a\000s\000t\000W\000O\000I\000D\000\050\000\051}{subsection.6.3.3}% 53
\BOOKMARK [3][-]{subsubsection.6.3.3.16}{\376\377\0006\000.\0003\000.\0003\000.\0001\0006\000\040\000s\000e\000t\000W\000o\000r\000k\000o\000u\000t\000\050\000\051}{subsection.6.3.3}% 54
\BOOKMARK [3][-]{subsubsection.6.3.3.17}{\376\377\0006\000.\0003\000.\0003\000.\0001\0007\000\040\000u\000s\000e\000r\000E\000x\000i\000s\000t\000s\000\050\000\051}{subsection.6.3.3}% 55
\BOOKMARK [3][-]{subsubsection.6.3.3.18}{\376\377\0006\000.\0003\000.\0003\000.\0001\0008\000\040\000w\000o\000r\000k\000o\000u\000t\000E\000x\000i\000s\000t\000s\000\050\000\051}{subsection.6.3.3}% 56
\BOOKMARK [2][-]{subsection.6.3.4}{\376\377\0006\000.\0003\000.\0004\000\040\000M\000e\000m\000b\000e\000r\000\040\000D\000a\000t\000a\000\040\000D\000o\000c\000u\000m\000e\000n\000t\000a\000t\000i\000o\000n}{section.6.3}% 57
\BOOKMARK [3][-]{subsubsection.6.3.4.1}{\376\377\0006\000.\0003\000.\0004\000.\0001\000\040\000m\000\137\000c\000o\000n\000n}{subsection.6.3.4}% 58
\BOOKMARK [1][-]{section.6.4}{\376\377\0006\000.\0004\000\040\000c\000o\000m\000.\000a\000c\000t\000i\000v\000i\000t\000y\000t\000r\000a\000c\000k\000e\000r\000.\000I\000t\000e\000r\000a\000t\000i\000o\000n\0003\000T\000e\000s\000t\000\040\000C\000l\000a\000s\000s\000\040\000R\000e\000f\000e\000r\000e\000n\000c\000e}{chapter.6}% 59
\BOOKMARK [2][-]{subsection.6.4.1}{\376\377\0006\000.\0004\000.\0001\000\040\000D\000e\000t\000a\000i\000l\000e\000d\000\040\000D\000e\000s\000c\000r\000i\000p\000t\000i\000o\000n}{section.6.4}% 60
\BOOKMARK [2][-]{subsection.6.4.2}{\376\377\0006\000.\0004\000.\0002\000\040\000M\000e\000m\000b\000e\000r\000\040\000F\000u\000n\000c\000t\000i\000o\000n\000\040\000D\000o\000c\000u\000m\000e\000n\000t\000a\000t\000i\000o\000n}{section.6.4}% 61
\BOOKMARK [3][-]{subsubsection.6.4.2.1}{\376\377\0006\000.\0004\000.\0002\000.\0001\000\040\000m\000a\000i\000n\000\050\000\051}{subsection.6.4.2}% 62
\BOOKMARK [1][-]{section.6.5}{\376\377\0006\000.\0005\000\040\000c\000o\000m\000.\000a\000c\000t\000i\000v\000i\000t\000y\000t\000r\000a\000c\000k\000e\000r\000.\000L\000o\000g\000i\000n\000W\000i\000n\000d\000o\000w\000\040\000C\000l\000a\000s\000s\000\040\000R\000e\000f\000e\000r\000e\000n\000c\000e}{chapter.6}% 63
\BOOKMARK [2][-]{subsection.6.5.1}{\376\377\0006\000.\0005\000.\0001\000\040\000D\000e\000t\000a\000i\000l\000e\000d\000\040\000D\000e\000s\000c\000r\000i\000p\000t\000i\000o\000n}{section.6.5}% 64
\BOOKMARK [2][-]{subsection.6.5.2}{\376\377\0006\000.\0005\000.\0002\000\040\000C\000o\000n\000s\000t\000r\000u\000c\000t\000o\000r\000\040\000\046\000\040\000D\000e\000s\000t\000r\000u\000c\000t\000o\000r\000\040\000D\000o\000c\000u\000m\000e\000n\000t\000a\000t\000i\000o\000n}{section.6.5}% 65
\BOOKMARK [3][-]{subsubsection.6.5.2.1}{\376\377\0006\000.\0005\000.\0002\000.\0001\000\040\000L\000o\000g\000i\000n\000W\000i\000n\000d\000o\000w\000\050\000\051}{subsection.6.5.2}% 66
\BOOKMARK [2][-]{subsection.6.5.3}{\376\377\0006\000.\0005\000.\0003\000\040\000M\000e\000m\000b\000e\000r\000\040\000F\000u\000n\000c\000t\000i\000o\000n\000\040\000D\000o\000c\000u\000m\000e\000n\000t\000a\000t\000i\000o\000n}{section.6.5}% 67
\BOOKMARK [3][-]{subsubsection.6.5.3.1}{\376\377\0006\000.\0005\000.\0003\000.\0001\000\040\000r\000o\000o\000t\000P\000a\000n\000e\000l\000\050\000\051}{subsection.6.5.3}% 68
\BOOKMARK [3][-]{subsubsection.6.5.3.2}{\376\377\0006\000.\0005\000.\0003\000.\0002\000\040\000s\000e\000t\000u\000p\000A\000c\000t\000i\000o\000n\000L\000i\000s\000t\000e\000n\000e\000r\000s\000\050\000\051}{subsection.6.5.3}% 69
\BOOKMARK [3][-]{subsubsection.6.5.3.3}{\376\377\0006\000.\0005\000.\0003\000.\0003\000\040\000s\000e\000t\000u\000p\000C\000r\000e\000a\000t\000e\000U\000s\000e\000r\000D\000i\000a\000l\000o\000g\000\050\000\051}{subsection.6.5.3}% 70
\BOOKMARK [3][-]{subsubsection.6.5.3.4}{\376\377\0006\000.\0005\000.\0003\000.\0004\000\040\000s\000e\000t\000u\000p\000U\000I\000\050\000\051}{subsection.6.5.3}% 71
\BOOKMARK [2][-]{subsection.6.5.4}{\376\377\0006\000.\0005\000.\0004\000\040\000M\000e\000m\000b\000e\000r\000\040\000D\000a\000t\000a\000\040\000D\000o\000c\000u\000m\000e\000n\000t\000a\000t\000i\000o\000n}{section.6.5}% 72
\BOOKMARK [3][-]{subsubsection.6.5.4.1}{\376\377\0006\000.\0005\000.\0004\000.\0001\000\040\000b\000u\000t\000t\000o\000n\000C\000r\000e\000a\000t\000e\000U\000s\000e\000r}{subsection.6.5.4}% 73
\BOOKMARK [3][-]{subsubsection.6.5.4.2}{\376\377\0006\000.\0005\000.\0004\000.\0002\000\040\000b\000u\000t\000t\000o\000n\000L\000o\000g\000i\000n}{subsection.6.5.4}% 74
\BOOKMARK [3][-]{subsubsection.6.5.4.3}{\376\377\0006\000.\0005\000.\0004\000.\0003\000\040\000l\000a\000b\000e\000l\000L\000o\000g\000i\000n\000M\000s\000g}{subsection.6.5.4}% 75
\BOOKMARK [3][-]{subsubsection.6.5.4.4}{\376\377\0006\000.\0005\000.\0004\000.\0004\000\040\000l\000a\000b\000e\000l\000P\000a\000s\000s\000w\000o\000r\000d}{subsection.6.5.4}% 76
\BOOKMARK [3][-]{subsubsection.6.5.4.5}{\376\377\0006\000.\0005\000.\0004\000.\0005\000\040\000l\000a\000b\000e\000l\000T\000i\000t\000l\000e}{subsection.6.5.4}% 77
\BOOKMARK [3][-]{subsubsection.6.5.4.6}{\376\377\0006\000.\0005\000.\0004\000.\0006\000\040\000l\000a\000b\000e\000l\000U\000s\000e\000r\000n\000a\000m\000e}{subsection.6.5.4}% 78
\BOOKMARK [3][-]{subsubsection.6.5.4.7}{\376\377\0006\000.\0005\000.\0004\000.\0007\000\040\000m\000\137\000c\000r\000e\000a\000t\000e\000U\000s\000e\000r\000D\000i\000a\000l\000o\000g}{subsection.6.5.4}% 79
\BOOKMARK [3][-]{subsubsection.6.5.4.8}{\376\377\0006\000.\0005\000.\0004\000.\0008\000\040\000m\000\137\000l\000o\000g\000i\000n\000H\000a\000n\000d\000l\000e\000r}{subsection.6.5.4}% 80
\BOOKMARK [3][-]{subsubsection.6.5.4.9}{\376\377\0006\000.\0005\000.\0004\000.\0009\000\040\000m\000\137\000r\000o\000o\000t\000P\000a\000n\000e\000l}{subsection.6.5.4}% 81
\BOOKMARK [3][-]{subsubsection.6.5.4.10}{\376\377\0006\000.\0005\000.\0004\000.\0001\0000\000\040\000p\000a\000s\000s\000w\000o\000r\000d\000F\000i\000e\000l\000d}{subsection.6.5.4}% 82
\BOOKMARK [3][-]{subsubsection.6.5.4.11}{\376\377\0006\000.\0005\000.\0004\000.\0001\0001\000\040\000t\000e\000x\000t\000F\000i\000e\000l\000d\000U\000s\000e\000r\000n\000a\000m\000e}{subsection.6.5.4}% 83
\BOOKMARK [1][-]{section.6.6}{\376\377\0006\000.\0006\000\040\000c\000o\000m\000.\000a\000c\000t\000i\000v\000i\000t\000y\000t\000r\000a\000c\000k\000e\000r\000.\000M\000a\000i\000n\000W\000i\000n\000d\000o\000w\000\040\000C\000l\000a\000s\000s\000\040\000R\000e\000f\000e\000r\000e\000n\000c\000e}{chapter.6}% 84
\BOOKMARK [2][-]{subsection.6.6.1}{\376\377\0006\000.\0006\000.\0001\000\040\000D\000e\000t\000a\000i\000l\000e\000d\000\040\000D\000e\000s\000c\000r\000i\000p\000t\000i\000o\000n}{section.6.6}% 85
\BOOKMARK [2][-]{subsection.6.6.2}{\376\377\0006\000.\0006\000.\0002\000\040\000C\000o\000n\000s\000t\000r\000u\000c\000t\000o\000r\000\040\000\046\000\040\000D\000e\000s\000t\000r\000u\000c\000t\000o\000r\000\040\000D\000o\000c\000u\000m\000e\000n\000t\000a\000t\000i\000o\000n}{section.6.6}% 86
\BOOKMARK [3][-]{subsubsection.6.6.2.1}{\376\377\0006\000.\0006\000.\0002\000.\0001\000\040\000M\000a\000i\000n\000W\000i\000n\000d\000o\000w\000\050\000\051}{subsection.6.6.2}% 87
\BOOKMARK [2][-]{subsection.6.6.3}{\376\377\0006\000.\0006\000.\0003\000\040\000M\000e\000m\000b\000e\000r\000\040\000F\000u\000n\000c\000t\000i\000o\000n\000\040\000D\000o\000c\000u\000m\000e\000n\000t\000a\000t\000i\000o\000n}{section.6.6}% 88
\BOOKMARK [3][-]{subsubsection.6.6.3.1}{\376\377\0006\000.\0006\000.\0003\000.\0001\000\040\000r\000o\000o\000t\000P\000a\000n\000e\000l\000\050\000\051}{subsection.6.6.3}% 89
\BOOKMARK [3][-]{subsubsection.6.6.3.2}{\376\377\0006\000.\0006\000.\0003\000.\0002\000\040\000s\000e\000t\000u\000p\000A\000c\000t\000i\000o\000n\000L\000i\000s\000t\000e\000n\000e\000r\000s\000\050\000\051}{subsection.6.6.3}% 90
\BOOKMARK [3][-]{subsubsection.6.6.3.3}{\376\377\0006\000.\0006\000.\0003\000.\0003\000\040\000s\000e\000t\000u\000p\000U\000I\000\050\000\051}{subsection.6.6.3}% 91
\BOOKMARK [2][-]{subsection.6.6.4}{\376\377\0006\000.\0006\000.\0004\000\040\000M\000e\000m\000b\000e\000r\000\040\000D\000a\000t\000a\000\040\000D\000o\000c\000u\000m\000e\000n\000t\000a\000t\000i\000o\000n}{section.6.6}% 92
\BOOKMARK [3][-]{subsubsection.6.6.4.1}{\376\377\0006\000.\0006\000.\0004\000.\0001\000\040\000b\000u\000t\000t\000o\000n\000A\000d\000d\000D\000e\000v\000i\000c\000e}{subsection.6.6.4}% 93
\BOOKMARK [3][-]{subsubsection.6.6.4.2}{\376\377\0006\000.\0006\000.\0004\000.\0002\000\040\000b\000u\000t\000t\000o\000n\000M\000y\000A\000c\000t\000i\000v\000i\000t\000y}{subsection.6.6.4}% 94
\BOOKMARK [3][-]{subsubsection.6.6.4.3}{\376\377\0006\000.\0006\000.\0004\000.\0003\000\040\000b\000u\000t\000t\000o\000n\000M\000y\000F\000r\000i\000e\000n\000d\000s}{subsection.6.6.4}% 95
\BOOKMARK [3][-]{subsubsection.6.6.4.4}{\376\377\0006\000.\0006\000.\0004\000.\0004\000\040\000c\000o\000n\000t\000e\000n\000t\000P\000a\000n\000e\000l}{subsection.6.6.4}% 96
\BOOKMARK [3][-]{subsubsection.6.6.4.5}{\376\377\0006\000.\0006\000.\0004\000.\0005\000\040\000l\000a\000b\000e\000l\000P\000r\000o\000f\000i\000l\000e\000I\000c\000o\000n}{subsection.6.6.4}% 97
\BOOKMARK [3][-]{subsubsection.6.6.4.6}{\376\377\0006\000.\0006\000.\0004\000.\0006\000\040\000m\000\137\000r\000o\000o\000t\000P\000a\000n\000e\000l}{subsection.6.6.4}% 98
\BOOKMARK [3][-]{subsubsection.6.6.4.7}{\376\377\0006\000.\0006\000.\0004\000.\0007\000\040\000p\000a\000n\000e\000l\000A\000d\000d\000D\000e\000v\000i\000c\000e}{subsection.6.6.4}% 99
\BOOKMARK [3][-]{subsubsection.6.6.4.8}{\376\377\0006\000.\0006\000.\0004\000.\0008\000\040\000p\000a\000n\000e\000l\000M\000y\000A\000c\000t\000i\000v\000i\000t\000y}{subsection.6.6.4}% 100
\BOOKMARK [3][-]{subsubsection.6.6.4.9}{\376\377\0006\000.\0006\000.\0004\000.\0009\000\040\000p\000a\000n\000e\000l\000M\000y\000F\000r\000i\000e\000n\000d\000s}{subsection.6.6.4}% 101
\BOOKMARK [3][-]{subsubsection.6.6.4.10}{\376\377\0006\000.\0006\000.\0004\000.\0001\0000\000\040\000s\000c\000r\000o\000l\000l\000P\000a\000n\000e\000M\000y\000F\000r\000i\000e\000n\000d\000s}{subsection.6.6.4}% 102
\BOOKMARK [3][-]{subsubsection.6.6.4.11}{\376\377\0006\000.\0006\000.\0004\000.\0001\0001\000\040\000t\000a\000b\000l\000e\000A\000v\000a\000i\000l\000a\000b\000l\000e\000D\000e\000v\000i\000c\000e\000s}{subsection.6.6.4}% 103
\BOOKMARK [3][-]{subsubsection.6.6.4.12}{\376\377\0006\000.\0006\000.\0004\000.\0001\0002\000\040\000t\000a\000b\000l\000e\000M\000y\000A\000c\000t\000i\000v\000i\000t\000y}{subsection.6.6.4}% 104
\BOOKMARK [3][-]{subsubsection.6.6.4.13}{\376\377\0006\000.\0006\000.\0004\000.\0001\0003\000\040\000t\000o\000o\000l\000B\000a\000r}{subsection.6.6.4}% 105
\BOOKMARK [3][-]{subsubsection.6.6.4.14}{\376\377\0006\000.\0006\000.\0004\000.\0001\0004\000\040\000t\000o\000o\000l\000B\000a\000r\000L\000a\000b\000e\000l}{subsection.6.6.4}% 106
\BOOKMARK [3][-]{subsubsection.6.6.4.15}{\376\377\0006\000.\0006\000.\0004\000.\0001\0005\000\040\000t\000o\000p\000P\000a\000n\000e\000l}{subsection.6.6.4}% 107
\BOOKMARK [1][-]{section.6.7}{\376\377\0006\000.\0007\000\040\000c\000o\000m\000.\000a\000c\000t\000i\000v\000i\000t\000y\000t\000r\000a\000c\000k\000e\000r\000.\000S\000e\000c\000u\000r\000e\000S\000t\000r\000i\000n\000g\000\040\000C\000l\000a\000s\000s\000\040\000R\000e\000f\000e\000r\000e\000n\000c\000e}{chapter.6}% 108
\BOOKMARK [2][-]{subsection.6.7.1}{\376\377\0006\000.\0007\000.\0001\000\040\000D\000e\000t\000a\000i\000l\000e\000d\000\040\000D\000e\000s\000c\000r\000i\000p\000t\000i\000o\000n}{section.6.7}% 109
\BOOKMARK [2][-]{subsection.6.7.2}{\376\377\0006\000.\0007\000.\0002\000\040\000C\000o\000n\000s\000t\000r\000u\000c\000t\000o\000r\000\040\000\046\000\040\000D\000e\000s\000t\000r\000u\000c\000t\000o\000r\000\040\000D\000o\000c\000u\000m\000e\000n\000t\000a\000t\000i\000o\000n}{section.6.7}% 110
\BOOKMARK [3][-]{subsubsection.6.7.2.1}{\376\377\0006\000.\0007\000.\0002\000.\0001\000\040\000S\000e\000c\000u\000r\000e\000S\000t\000r\000i\000n\000g\000\050\000\051\000\040\000[\0001\000/\0002\000]}{subsection.6.7.2}% 111
\BOOKMARK [3][-]{subsubsection.6.7.2.2}{\376\377\0006\000.\0007\000.\0002\000.\0002\000\040\000S\000e\000c\000u\000r\000e\000S\000t\000r\000i\000n\000g\000\050\000\051\000\040\000[\0002\000/\0002\000]}{subsection.6.7.2}% 112
\BOOKMARK [2][-]{subsection.6.7.3}{\376\377\0006\000.\0007\000.\0003\000\040\000M\000e\000m\000b\000e\000r\000\040\000F\000u\000n\000c\000t\000i\000o\000n\000\040\000D\000o\000c\000u\000m\000e\000n\000t\000a\000t\000i\000o\000n}{section.6.7}% 113
\BOOKMARK [3][-]{subsubsection.6.7.3.1}{\376\377\0006\000.\0007\000.\0003\000.\0001\000\040\000e\000q\000u\000a\000l\000S\000t\000r\000i\000n\000g\000\050\000\051}{subsection.6.7.3}% 114
\BOOKMARK [3][-]{subsubsection.6.7.3.2}{\376\377\0006\000.\0007\000.\0003\000.\0002\000\040\000g\000e\000n\000e\000r\000a\000t\000e\000S\000a\000l\000t\000\050\000\051}{subsection.6.7.3}% 115
\BOOKMARK [3][-]{subsubsection.6.7.3.3}{\376\377\0006\000.\0007\000.\0003\000.\0003\000\040\000g\000e\000n\000e\000r\000a\000t\000e\000S\000e\000c\000u\000r\000e\000S\000t\000r\000i\000n\000g\000\050\000\051}{subsection.6.7.3}% 116
\BOOKMARK [3][-]{subsubsection.6.7.3.4}{\376\377\0006\000.\0007\000.\0003\000.\0004\000\040\000g\000e\000t\000S\000a\000l\000t\000\050\000\051}{subsection.6.7.3}% 117
\BOOKMARK [3][-]{subsubsection.6.7.3.5}{\376\377\0006\000.\0007\000.\0003\000.\0005\000\040\000t\000o\000S\000t\000r\000i\000n\000g\000\050\000\051}{subsection.6.7.3}% 118
\BOOKMARK [2][-]{subsection.6.7.4}{\376\377\0006\000.\0007\000.\0004\000\040\000M\000e\000m\000b\000e\000r\000\040\000D\000a\000t\000a\000\040\000D\000o\000c\000u\000m\000e\000n\000t\000a\000t\000i\000o\000n}{section.6.7}% 119
\BOOKMARK [3][-]{subsubsection.6.7.4.1}{\376\377\0006\000.\0007\000.\0004\000.\0001\000\040\000s\000a\000l\000t}{subsection.6.7.4}% 120
\BOOKMARK [3][-]{subsubsection.6.7.4.2}{\376\377\0006\000.\0007\000.\0004\000.\0002\000\040\000s\000e\000c\000u\000r\000e\000S\000t\000r\000i\000n\000g}{subsection.6.7.4}% 121
\BOOKMARK [1][-]{section.6.8}{\376\377\0006\000.\0008\000\040\000c\000o\000m\000.\000a\000c\000t\000i\000v\000i\000t\000y\000t\000r\000a\000c\000k\000e\000r\000.\000U\000s\000e\000r\000.\000S\000e\000x\000\040\000E\000n\000u\000m\000\040\000R\000e\000f\000e\000r\000e\000n\000c\000e}{chapter.6}% 122
\BOOKMARK [2][-]{subsection.6.8.1}{\376\377\0006\000.\0008\000.\0001\000\040\000D\000e\000t\000a\000i\000l\000e\000d\000\040\000D\000e\000s\000c\000r\000i\000p\000t\000i\000o\000n}{section.6.8}% 123
\BOOKMARK [2][-]{subsection.6.8.2}{\376\377\0006\000.\0008\000.\0002\000\040\000M\000e\000m\000b\000e\000r\000\040\000D\000a\000t\000a\000\040\000D\000o\000c\000u\000m\000e\000n\000t\000a\000t\000i\000o\000n}{section.6.8}% 124
\BOOKMARK [3][-]{subsubsection.6.8.2.1}{\376\377\0006\000.\0008\000.\0002\000.\0001\000\040\000F\000E\000M\000A\000L\000E}{subsection.6.8.2}% 125
\BOOKMARK [3][-]{subsubsection.6.8.2.2}{\376\377\0006\000.\0008\000.\0002\000.\0002\000\040\000M\000A\000L\000E}{subsection.6.8.2}% 126
\BOOKMARK [1][-]{section.6.9}{\376\377\0006\000.\0009\000\040\000c\000o\000m\000.\000a\000c\000t\000i\000v\000i\000t\000y\000t\000r\000a\000c\000k\000e\000r\000.\000U\000s\000e\000r\000\040\000C\000l\000a\000s\000s\000\040\000R\000e\000f\000e\000r\000e\000n\000c\000e}{chapter.6}% 127
\BOOKMARK [2][-]{subsection.6.9.1}{\376\377\0006\000.\0009\000.\0001\000\040\000D\000e\000t\000a\000i\000l\000e\000d\000\040\000D\000e\000s\000c\000r\000i\000p\000t\000i\000o\000n}{section.6.9}% 128
\BOOKMARK [2][-]{subsection.6.9.2}{\376\377\0006\000.\0009\000.\0002\000\040\000C\000o\000n\000s\000t\000r\000u\000c\000t\000o\000r\000\040\000\046\000\040\000D\000e\000s\000t\000r\000u\000c\000t\000o\000r\000\040\000D\000o\000c\000u\000m\000e\000n\000t\000a\000t\000i\000o\000n}{section.6.9}% 129
\BOOKMARK [3][-]{subsubsection.6.9.2.1}{\376\377\0006\000.\0009\000.\0002\000.\0001\000\040\000U\000s\000e\000r\000\050\000\051}{subsection.6.9.2}% 130
\BOOKMARK [2][-]{subsection.6.9.3}{\376\377\0006\000.\0009\000.\0003\000\040\000M\000e\000m\000b\000e\000r\000\040\000F\000u\000n\000c\000t\000i\000o\000n\000\040\000D\000o\000c\000u\000m\000e\000n\000t\000a\000t\000i\000o\000n}{section.6.9}% 131
\BOOKMARK [3][-]{subsubsection.6.9.3.1}{\376\377\0006\000.\0009\000.\0003\000.\0001\000\040\000c\000r\000e\000a\000t\000e\000U\000s\000e\000r\000\050\000\051}{subsection.6.9.3}% 132
\BOOKMARK [3][-]{subsubsection.6.9.3.2}{\376\377\0006\000.\0009\000.\0003\000.\0002\000\040\000g\000e\000t\000D\000a\000t\000e\000O\000f\000B\000i\000r\000t\000h\000\050\000\051}{subsection.6.9.3}% 133
\BOOKMARK [3][-]{subsubsection.6.9.3.3}{\376\377\0006\000.\0009\000.\0003\000.\0003\000\040\000g\000e\000t\000E\000m\000a\000i\000l\000A\000d\000d\000r\000e\000s\000s\000\050\000\051}{subsection.6.9.3}% 134
\BOOKMARK [3][-]{subsubsection.6.9.3.4}{\376\377\0006\000.\0009\000.\0003\000.\0004\000\040\000g\000e\000t\000H\000e\000i\000g\000h\000t\000\050\000\051}{subsection.6.9.3}% 135
\BOOKMARK [3][-]{subsubsection.6.9.3.5}{\376\377\0006\000.\0009\000.\0003\000.\0005\000\040\000g\000e\000t\000I\000D\000\050\000\051}{subsection.6.9.3}% 136
\BOOKMARK [3][-]{subsubsection.6.9.3.6}{\376\377\0006\000.\0009\000.\0003\000.\0006\000\040\000g\000e\000t\000L\000a\000s\000t\000W\000O\000I\000D\000\050\000\051}{subsection.6.9.3}% 137
\BOOKMARK [3][-]{subsubsection.6.9.3.7}{\376\377\0006\000.\0009\000.\0003\000.\0007\000\040\000g\000e\000t\000N\000a\000m\000e\000\050\000\051}{subsection.6.9.3}% 138
\BOOKMARK [3][-]{subsubsection.6.9.3.8}{\376\377\0006\000.\0009\000.\0003\000.\0008\000\040\000g\000e\000t\000S\000e\000x\000\050\000\051}{subsection.6.9.3}% 139
\BOOKMARK [3][-]{subsubsection.6.9.3.9}{\376\377\0006\000.\0009\000.\0003\000.\0009\000\040\000g\000e\000t\000W\000e\000i\000g\000h\000t\000\050\000\051}{subsection.6.9.3}% 140
\BOOKMARK [3][-]{subsubsection.6.9.3.10}{\376\377\0006\000.\0009\000.\0003\000.\0001\0000\000\040\000s\000e\000t\000L\000a\000s\000t\000W\000O\000I\000D\000\050\000\051}{subsection.6.9.3}% 141
\BOOKMARK [2][-]{subsection.6.9.4}{\376\377\0006\000.\0009\000.\0004\000\040\000M\000e\000m\000b\000e\000r\000\040\000D\000a\000t\000a\000\040\000D\000o\000c\000u\000m\000e\000n\000t\000a\000t\000i\000o\000n}{section.6.9}% 142
\BOOKMARK [3][-]{subsubsection.6.9.4.1}{\376\377\0006\000.\0009\000.\0004\000.\0001\000\040\000d\000a\000t\000e\000O\000f\000B\000i\000r\000t\000h}{subsection.6.9.4}% 143
\BOOKMARK [3][-]{subsubsection.6.9.4.2}{\376\377\0006\000.\0009\000.\0004\000.\0002\000\040\000d\000b\000M\000a\000n\000a\000g\000e\000r}{subsection.6.9.4}% 144
\BOOKMARK [3][-]{subsubsection.6.9.4.3}{\376\377\0006\000.\0009\000.\0004\000.\0003\000\040\000e\000m\000a\000i\000l\000A\000d\000d\000r\000e\000s\000s}{subsection.6.9.4}% 145
\BOOKMARK [3][-]{subsubsection.6.9.4.4}{\376\377\0006\000.\0009\000.\0004\000.\0004\000\040\000h\000e\000i\000g\000h\000t}{subsection.6.9.4}% 146
\BOOKMARK [3][-]{subsubsection.6.9.4.5}{\376\377\0006\000.\0009\000.\0004\000.\0005\000\040\000i\000d}{subsection.6.9.4}% 147
\BOOKMARK [3][-]{subsubsection.6.9.4.6}{\376\377\0006\000.\0009\000.\0004\000.\0006\000\040\000n\000a\000m\000e}{subsection.6.9.4}% 148
\BOOKMARK [3][-]{subsubsection.6.9.4.7}{\376\377\0006\000.\0009\000.\0004\000.\0007\000\040\000s\000e\000x}{subsection.6.9.4}% 149
\BOOKMARK [3][-]{subsubsection.6.9.4.8}{\376\377\0006\000.\0009\000.\0004\000.\0008\000\040\000w\000e\000i\000g\000h\000t}{subsection.6.9.4}% 150
\BOOKMARK [1][-]{section.6.10}{\376\377\0006\000.\0001\0000\000\040\000c\000o\000m\000.\000a\000c\000t\000i\000v\000i\000t\000y\000t\000r\000a\000c\000k\000e\000r\000.\000U\000s\000e\000r\000A\000t\000t\000r\000i\000b\000u\000t\000e\000\040\000E\000n\000u\000m\000\040\000R\000e\000f\000e\000r\000e\000n\000c\000e}{chapter.6}% 151
\BOOKMARK [2][-]{subsection.6.10.1}{\376\377\0006\000.\0001\0000\000.\0001\000\040\000D\000e\000t\000a\000i\000l\000e\000d\000\040\000D\000e\000s\000c\000r\000i\000p\000t\000i\000o\000n}{section.6.10}% 152
\BOOKMARK [2][-]{subsection.6.10.2}{\376\377\0006\000.\0001\0000\000.\0002\000\040\000M\000e\000m\000b\000e\000r\000\040\000D\000a\000t\000a\000\040\000D\000o\000c\000u\000m\000e\000n\000t\000a\000t\000i\000o\000n}{section.6.10}% 153
\BOOKMARK [3][-]{subsubsection.6.10.2.1}{\376\377\0006\000.\0001\0000\000.\0002\000.\0001\000\040\000D\000A\000T\000E\000\137\000O\000F\000\137\000B\000I\000R\000T\000H}{subsection.6.10.2}% 154
\BOOKMARK [3][-]{subsubsection.6.10.2.2}{\376\377\0006\000.\0001\0000\000.\0002\000.\0002\000\040\000E\000M\000A\000I\000L\000\137\000A\000D\000D\000R\000E\000S\000S}{subsection.6.10.2}% 155
\BOOKMARK [3][-]{subsubsection.6.10.2.3}{\376\377\0006\000.\0001\0000\000.\0002\000.\0003\000\040\000H\000E\000I\000G\000H\000T}{subsection.6.10.2}% 156
\BOOKMARK [3][-]{subsubsection.6.10.2.4}{\376\377\0006\000.\0001\0000\000.\0002\000.\0004\000\040\000I\000D}{subsection.6.10.2}% 157
\BOOKMARK [3][-]{subsubsection.6.10.2.5}{\376\377\0006\000.\0001\0000\000.\0002\000.\0005\000\040\000N\000A\000M\000E}{subsection.6.10.2}% 158
\BOOKMARK [3][-]{subsubsection.6.10.2.6}{\376\377\0006\000.\0001\0000\000.\0002\000.\0006\000\040\000P\000A\000S\000S\000W\000O\000R\000D}{subsection.6.10.2}% 159
\BOOKMARK [3][-]{subsubsection.6.10.2.7}{\376\377\0006\000.\0001\0000\000.\0002\000.\0007\000\040\000S\000A\000L\000T}{subsection.6.10.2}% 160
\BOOKMARK [3][-]{subsubsection.6.10.2.8}{\376\377\0006\000.\0001\0000\000.\0002\000.\0008\000\040\000S\000E\000X}{subsection.6.10.2}% 161
\BOOKMARK [3][-]{subsubsection.6.10.2.9}{\376\377\0006\000.\0001\0000\000.\0002\000.\0009\000\040\000W\000E\000I\000G\000H\000T}{subsection.6.10.2}% 162
\BOOKMARK [1][-]{section.6.11}{\376\377\0006\000.\0001\0001\000\040\000c\000o\000m\000.\000a\000c\000t\000i\000v\000i\000t\000y\000t\000r\000a\000c\000k\000e\000r\000.\000W\000o\000r\000k\000o\000u\000t\000\040\000C\000l\000a\000s\000s\000\040\000R\000e\000f\000e\000r\000e\000n\000c\000e}{chapter.6}% 163
\BOOKMARK [2][-]{subsection.6.11.1}{\376\377\0006\000.\0001\0001\000.\0001\000\040\000D\000e\000t\000a\000i\000l\000e\000d\000\040\000D\000e\000s\000c\000r\000i\000p\000t\000i\000o\000n}{section.6.11}% 164
\BOOKMARK [2][-]{subsection.6.11.2}{\376\377\0006\000.\0001\0001\000.\0002\000\040\000C\000o\000n\000s\000t\000r\000u\000c\000t\000o\000r\000\040\000\046\000\040\000D\000e\000s\000t\000r\000u\000c\000t\000o\000r\000\040\000D\000o\000c\000u\000m\000e\000n\000t\000a\000t\000i\000o\000n}{section.6.11}% 165
\BOOKMARK [3][-]{subsubsection.6.11.2.1}{\376\377\0006\000.\0001\0001\000.\0002\000.\0001\000\040\000W\000o\000r\000k\000o\000u\000t\000\050\000\051}{subsection.6.11.2}% 166
\BOOKMARK [2][-]{subsection.6.11.3}{\376\377\0006\000.\0001\0001\000.\0003\000\040\000M\000e\000m\000b\000e\000r\000\040\000F\000u\000n\000c\000t\000i\000o\000n\000\040\000D\000o\000c\000u\000m\000e\000n\000t\000a\000t\000i\000o\000n}{section.6.11}% 167
\BOOKMARK [3][-]{subsubsection.6.11.3.1}{\376\377\0006\000.\0001\0001\000.\0003\000.\0001\000\040\000g\000e\000t\000W\000o\000r\000k\000o\000u\000t\000s\000\050\000\051}{subsection.6.11.3}% 168
\BOOKMARK [3][-]{subsubsection.6.11.3.2}{\376\377\0006\000.\0001\0001\000.\0003\000.\0002\000\040\000n\000e\000w\000W\000o\000r\000k\000o\000u\000t\000D\000a\000t\000a\000P\000o\000i\000n\000t\000\050\000\051}{subsection.6.11.3}% 169
\BOOKMARK [2][-]{subsection.6.11.4}{\376\377\0006\000.\0001\0001\000.\0004\000\040\000M\000e\000m\000b\000e\000r\000\040\000D\000a\000t\000a\000\040\000D\000o\000c\000u\000m\000e\000n\000t\000a\000t\000i\000o\000n}{section.6.11}% 170
\BOOKMARK [3][-]{subsubsection.6.11.4.1}{\376\377\0006\000.\0001\0001\000.\0004\000.\0001\000\040\000a\000l\000t\000i\000t\000u\000d\000e\000\137\000a\000s\000c\000e\000n\000d\000e\000d}{subsection.6.11.4}% 171
\BOOKMARK [3][-]{subsubsection.6.11.4.2}{\376\377\0006\000.\0001\0001\000.\0004\000.\0002\000\040\000a\000l\000t\000i\000t\000u\000d\000e\000\137\000d\000e\000s\000c\000e\000n\000d\000e\000d}{subsection.6.11.4}% 172
\BOOKMARK [3][-]{subsubsection.6.11.4.3}{\376\377\0006\000.\0001\0001\000.\0004\000.\0003\000\040\000c\000a\000l\000o\000r\000i\000e\000s\000B\000u\000r\000n\000e\000d}{subsection.6.11.4}% 173
\BOOKMARK [3][-]{subsubsection.6.11.4.4}{\376\377\0006\000.\0001\0001\000.\0004\000.\0004\000\040\000d\000a\000t\000e}{subsection.6.11.4}% 174
\BOOKMARK [3][-]{subsubsection.6.11.4.5}{\376\377\0006\000.\0001\0001\000.\0004\000.\0005\000\040\000d\000b\000M\000a\000n\000a\000g\000e\000r}{subsection.6.11.4}% 175
\BOOKMARK [3][-]{subsubsection.6.11.4.6}{\376\377\0006\000.\0001\0001\000.\0004\000.\0006\000\040\000d\000i\000s\000t\000a\000n\000c\000e}{subsection.6.11.4}% 176
\BOOKMARK [3][-]{subsubsection.6.11.4.7}{\376\377\0006\000.\0001\0001\000.\0004\000.\0007\000\040\000d\000u\000r\000a\000t\000i\000o\000n}{subsection.6.11.4}% 177
\BOOKMARK [1][-]{section.6.12}{\376\377\0006\000.\0001\0002\000\040\000c\000o\000m\000.\000a\000c\000t\000i\000v\000i\000t\000y\000t\000r\000a\000c\000k\000e\000r\000.\000W\000o\000r\000k\000o\000u\000t\000A\000t\000t\000r\000i\000b\000u\000t\000e\000\040\000E\000n\000u\000m\000\040\000R\000e\000f\000e\000r\000e\000n\000c\000e}{chapter.6}% 178
\BOOKMARK [2][-]{subsection.6.12.1}{\376\377\0006\000.\0001\0002\000.\0001\000\040\000D\000e\000t\000a\000i\000l\000e\000d\000\040\000D\000e\000s\000c\000r\000i\000p\000t\000i\000o\000n}{section.6.12}% 179
\BOOKMARK [2][-]{subsection.6.12.2}{\376\377\0006\000.\0001\0002\000.\0002\000\040\000M\000e\000m\000b\000e\000r\000\040\000D\000a\000t\000a\000\040\000D\000o\000c\000u\000m\000e\000n\000t\000a\000t\000i\000o\000n}{section.6.12}% 180
\BOOKMARK [3][-]{subsubsection.6.12.2.1}{\376\377\0006\000.\0001\0002\000.\0002\000.\0001\000\040\000A\000L\000T\000I\000T\000U\000D\000E\000\137\000A\000S\000C\000E\000N\000D\000E\000D}{subsection.6.12.2}% 181
\BOOKMARK [3][-]{subsubsection.6.12.2.2}{\376\377\0006\000.\0001\0002\000.\0002\000.\0002\000\040\000A\000L\000T\000I\000T\000U\000D\000E\000\137\000D\000E\000S\000C\000E\000N\000D\000E\000D}{subsection.6.12.2}% 182
\BOOKMARK [3][-]{subsubsection.6.12.2.3}{\376\377\0006\000.\0001\0002\000.\0002\000.\0003\000\040\000D\000I\000S\000T\000A\000N\000C\000E}{subsection.6.12.2}% 183
\BOOKMARK [3][-]{subsubsection.6.12.2.4}{\376\377\0006\000.\0001\0002\000.\0002\000.\0004\000\040\000D\000U\000R\000A\000T\000I\000O\000N}{subsection.6.12.2}% 184
\BOOKMARK [0][-]{chapter.7}{\376\377\0007\000\040\000F\000i\000l\000e\000\040\000D\000o\000c\000u\000m\000e\000n\000t\000a\000t\000i\000o\000n}{}% 185
\BOOKMARK [1][-]{section.7.1}{\376\377\0007\000.\0001\000\040\000a\000p\000p\000/\000s\000r\000c\000/\000c\000o\000m\000/\000a\000c\000t\000i\000v\000i\000t\000y\000t\000r\000a\000c\000k\000e\000r\000/\000A\000c\000t\000i\000v\000i\000t\000y\000T\000r\000a\000c\000k\000e\000r\000.\000j\000a\000v\000a\000\040\000F\000i\000l\000e\000\040\000R\000e\000f\000e\000r\000e\000n\000c\000e}{chapter.7}% 186
\BOOKMARK [1][-]{section.7.2}{\376\377\0007\000.\0002\000\040\000a\000p\000p\000/\000s\000r\000c\000/\000c\000o\000m\000/\000a\000c\000t\000i\000v\000i\000t\000y\000t\000r\000a\000c\000k\000e\000r\000/\000C\000r\000e\000a\000t\000e\000U\000s\000e\000r\000W\000i\000n\000d\000o\000w\000.\000j\000a\000v\000a\000\040\000F\000i\000l\000e\000\040\000R\000e\000f\000e\000r\000e\000n\000c\000e}{chapter.7}% 187
\BOOKMARK [1][-]{section.7.3}{\376\377\0007\000.\0003\000\040\000a\000p\000p\000/\000s\000r\000c\000/\000c\000o\000m\000/\000a\000c\000t\000i\000v\000i\000t\000y\000t\000r\000a\000c\000k\000e\000r\000/\000D\000B\000M\000a\000n\000a\000g\000e\000r\000.\000j\000a\000v\000a\000\040\000F\000i\000l\000e\000\040\000R\000e\000f\000e\000r\000e\000n\000c\000e}{chapter.7}% 188
\BOOKMARK [1][-]{section.7.4}{\376\377\0007\000.\0004\000\040\000a\000p\000p\000/\000s\000r\000c\000/\000c\000o\000m\000/\000a\000c\000t\000i\000v\000i\000t\000y\000t\000r\000a\000c\000k\000e\000r\000/\000I\000t\000e\000r\000a\000t\000i\000o\000n\0003\000T\000e\000s\000t\000.\000j\000a\000v\000a\000\040\000F\000i\000l\000e\000\040\000R\000e\000f\000e\000r\000e\000n\000c\000e}{chapter.7}% 189
\BOOKMARK [1][-]{section.7.5}{\376\377\0007\000.\0005\000\040\000a\000p\000p\000/\000s\000r\000c\000/\000c\000o\000m\000/\000a\000c\000t\000i\000v\000i\000t\000y\000t\000r\000a\000c\000k\000e\000r\000/\000L\000o\000g\000i\000n\000W\000i\000n\000d\000o\000w\000.\000j\000a\000v\000a\000\040\000F\000i\000l\000e\000\040\000R\000e\000f\000e\000r\000e\000n\000c\000e}{chapter.7}% 190
\BOOKMARK [1][-]{section.7.6}{\376\377\0007\000.\0006\000\040\000a\000p\000p\000/\000s\000r\000c\000/\000c\000o\000m\000/\000a\000c\000t\000i\000v\000i\000t\000y\000t\000r\000a\000c\000k\000e\000r\000/\000M\000a\000i\000n\000W\000i\000n\000d\000o\000w\000.\000j\000a\000v\000a\000\040\000F\000i\000l\000e\000\040\000R\000e\000f\000e\000r\000e\000n\000c\000e}{chapter.7}% 191
\BOOKMARK [1][-]{section.7.7}{\376\377\0007\000.\0007\000\040\000a\000p\000p\000/\000s\000r\000c\000/\000c\000o\000m\000/\000a\000c\000t\000i\000v\000i\000t\000y\000t\000r\000a\000c\000k\000e\000r\000/\000S\000e\000c\000u\000r\000e\000S\000t\000r\000i\000n\000g\000.\000j\000a\000v\000a\000\040\000F\000i\000l\000e\000\040\000R\000e\000f\000e\000r\000e\000n\000c\000e}{chapter.7}% 192
\BOOKMARK [1][-]{section.7.8}{\376\377\0007\000.\0008\000\040\000a\000p\000p\000/\000s\000r\000c\000/\000c\000o\000m\000/\000a\000c\000t\000i\000v\000i\000t\000y\000t\000r\000a\000c\000k\000e\000r\000/\000U\000s\000e\000r\000.\000j\000a\000v\000a\000\040\000F\000i\000l\000e\000\040\000R\000e\000f\000e\000r\000e\000n\000c\000e}{chapter.7}% 193
\BOOKMARK [1][-]{section.7.9}{\376\377\0007\000.\0009\000\040\000a\000p\000p\000/\000s\000r\000c\000/\000c\000o\000m\000/\000a\000c\000t\000i\000v\000i\000t\000y\000t\000r\000a\000c\000k\000e\000r\000/\000U\000s\000e\000r\000A\000t\000t\000r\000i\000b\000u\000t\000e\000.\000j\000a\000v\000a\000\040\000F\000i\000l\000e\000\040\000R\000e\000f\000e\000r\000e\000n\000c\000e}{chapter.7}% 194
\BOOKMARK [1][-]{section.7.10}{\376\377\0007\000.\0001\0000\000\040\000a\000p\000p\000/\000s\000r\000c\000/\000c\000o\000m\000/\000a\000c\000t\000i\000v\000i\000t\000y\000t\000r\000a\000c\000k\000e\000r\000/\000W\000o\000r\000k\000o\000u\000t\000.\000j\000a\000v\000a\000\040\000F\000i\000l\000e\000\040\000R\000e\000f\000e\000r\000e\000n\000c\000e}{chapter.7}% 195
\BOOKMARK [1][-]{section.7.11}{\376\377\0007\000.\0001\0001\000\040\000a\000p\000p\000/\000s\000r\000c\000/\000c\000o\000m\000/\000a\000c\000t\000i\000v\000i\000t\000y\000t\000r\000a\000c\000k\000e\000r\000/\000W\000o\000r\000k\000o\000u\000t\000A\000t\000t\000r\000i\000b\000u\000t\000e\000.\000j\000a\000v\000a\000\040\000F\000i\000l\000e\000\040\000R\000e\000f\000e\000r\000e\000n\000c\000e}{chapter.7}% 196
\BOOKMARK [0][-]{section*.63}{\376\377\000I\000n\000d\000e\000x}{}% 197
